#
# There is insufficient memory for the Java Runtime Environment to continue.
# Native memory allocation (malloc) failed to allocate 687376 bytes. Error detail: Chunk::new
# Possible reasons:
#   The system is out of physical RAM or swap space
#   This process is running with CompressedOops enabled, and the Java Heap may be blocking the growth of the native heap
# Possible solutions:
#   Reduce memory load on the system
#   Increase physical memory or swap space
#   Check if swap backing store is full
#   Decrease Java heap size (-Xmx/-Xms)
#   Decrease number of Java threads
#   Decrease Java thread stack sizes (-Xss)
#   Set larger code cache with -XX:ReservedCodeCacheSize=
#   JVM is running with Unscaled Compressed Oops mode in which the Java heap is
#     placed in the first 4GB address space. The Java Heap base address is the
#     maximum limit for the native heap growth. Please use -XX:HeapBaseMinAddress
#     to set the Java Heap base and to place the Java Heap above 4GB virtual address.
# This output file may be truncated or incomplete.
#
#  Out of Memory Error (arena.cpp:168), pid=9300, tid=17228
#
# JRE version: OpenJDK Runtime Environment (21.0.10) (build 21.0.10+-14961533-b1163.108)
# Java VM: OpenJDK 64-Bit Server VM (21.0.10+-14961533-b1163.108, mixed mode, tiered, compressed oops, compressed class ptrs, g1 gc, windows-amd64)
# No core dump will be written. Minidumps are not enabled by default on client versions of Windows
#

---------------  S U M M A R Y ------------

Command Line: --add-opens=java.base/java.lang=ALL-UNNAMED --add-opens=java.base/java.lang.invoke=ALL-UNNAMED --add-opens=java.base/java.util=ALL-UNNAMED --add-opens=java.prefs/java.util.prefs=ALL-UNNAMED --add-exports=jdk.compiler/com.sun.tools.javac.api=ALL-UNNAMED --add-exports=jdk.compiler/com.sun.tools.javac.util=ALL-UNNAMED --add-opens=java.base/java.util=ALL-UNNAMED --add-opens=java.prefs/java.util.prefs=ALL-UNNAMED --add-opens=java.base/java.nio.charset=ALL-UNNAMED --add-opens=java.base/java.net=ALL-UNNAMED --add-opens=java.base/java.util.concurrent=ALL-UNNAMED --add-opens=java.base/java.util.concurrent.atomic=ALL-UNNAMED --add-opens=java.xml/javax.xml.namespace=ALL-UNNAMED --add-opens=java.base/java.time=ALL-UNNAMED -Xmx2048m -Dfile.encoding=UTF-8 -Duser.country=US -Duser.language=en -Duser.variant -javaagent:C:\Users\wasin\.gradle\wrapper\dists\gradle-9.4.1-bin\arn2x92ynaizyzdaamcbpbhtj\gradle-9.4.1\lib\agents\gradle-instrumentation-agent-9.4.1.jar org.gradle.launcher.daemon.bootstrap.GradleDaemon 9.4.1

Host: AMD Ryzen 5 5500U with Radeon Graphics         , 12 cores, 9G,  Windows 11 , 64 bit Build 26100 (10.0.26100.8328)
Time: Sat Jun  6 05:54:39 2026 elapsed time: 27.853345 seconds (0d 0h 0m 27s)

---------------  T H R E A D  ---------------

Current thread (0x000001bfbc1f1280):  JavaThread "C2 CompilerThread0" daemon [_thread_in_native, id=17228, stack(0x000000ad5e500000,0x000000ad5e600000) (1024K)]


Current CompileTask:
C2:27853 8857   !   4       java.net.URLClassLoader::findClass (47 bytes)

Stack: [0x000000ad5e500000,0x000000ad5e600000]
Native frames: (J=compiled Java code, j=interpreted, Vv=VM code, C=native code)
V  [jvm.dll+0x6d78a9]
V  [jvm.dll+0x8665b3]
V  [jvm.dll+0x868bde]
V  [jvm.dll+0x8692c3]
V  [jvm.dll+0x280ee6]
V  [jvm.dll+0xc07cd]
V  [jvm.dll+0xc0d03]
V  [jvm.dll+0x2f6170]
V  [jvm.dll+0x6003e9]
V  [jvm.dll+0x252ce2]
V  [jvm.dll+0x25309f]
V  [jvm.dll+0x24b845]
V  [jvm.dll+0x24909e]
V  [jvm.dll+0x1c76e4]
V  [jvm.dll+0x25891e]
V  [jvm.dll+0x256e66]
V  [jvm.dll+0x3f513e]
V  [jvm.dll+0x80fd28]
V  [jvm.dll+0x6d60fd]
C  [ucrtbase.dll+0x37b0]
C  [KERNEL32.DLL+0x2e957]
C  [ntdll.dll+0x427c]


---------------  P R O C E S S  ---------------

Threads class SMR info:
_java_thread_list=0x000001bfc5851cf0, length=57, elements={
0x000001bfa448a050, 0x000001bfbc184520, 0x000001bfbc1a8a20, 0x000001bfbc1da340,
0x000001bfbc1ab610, 0x000001bfbc1e2d90, 0x000001bfbc1e3f70, 0x000001bfbc1e5ce0,
0x000001bfbc1f1280, 0x000001bfbc1f2890, 0x000001bfbc4fe700, 0x000001bfc248c4a0,
0x000001bfc19427e0, 0x000001bfc18d2900, 0x000001bfc1fe4740, 0x000001bfc1efc820,
0x000001bfc2dc2500, 0x000001bfc36d10b0, 0x000001bfc2359690, 0x000001bfc235b760,
0x000001bfc235bdf0, 0x000001bfc235b0d0, 0x000001bfc2359000, 0x000001bfc2359d20,
0x000001bfc235a3b0, 0x000001bfc410f360, 0x000001bfc410f9f0, 0x000001bfc410e640,
0x000001bfc4110080, 0x000001bfc4110710, 0x000001bfc410d920, 0x000001bfc41148b0,
0x000001bfc4114220, 0x000001bfc4111ac0, 0x000001bfc4111430, 0x000001bfc4114f40,
0x000001bfc4112150, 0x000001bfc41127e0, 0x000001bfc4112e70, 0x000001bfc4113500,
0x000001bfc4113b90, 0x000001bfc41a3870, 0x000001bfc41a03f0, 0x000001bfc41a1e30,
0x000001bfc41a24c0, 0x000001bfbc840690, 0x000001bfbc843480, 0x000001bfbc840d20,
0x000001bfbc8420d0, 0x000001bfbc844830, 0x000001bfbc842760, 0x000001bfbc843b10,
0x000001bfbc8413b0, 0x000001bfbc841a40, 0x000001bfbc846900, 0x000001bfbc845550,
0x000001bfbc846f90
}

Java Threads: ( => current thread )
  0x000001bfa448a050 JavaThread "main"                              [_thread_blocked, id=9776, stack(0x000000ad5d600000,0x000000ad5d700000) (1024K)]
  0x000001bfbc184520 JavaThread "Common-Cleaner"             daemon [_thread_blocked, id=13956, stack(0x000000ad5de00000,0x000000ad5df00000) (1024K)]
  0x000001bfbc1a8a20 JavaThread "Reference Handler"          daemon [_thread_blocked, id=17688, stack(0x000000ad5df00000,0x000000ad5e000000) (1024K)]
  0x000001bfbc1da340 JavaThread "Finalizer"                  daemon [_thread_blocked, id=7060, stack(0x000000ad5e000000,0x000000ad5e100000) (1024K)]
  0x000001bfbc1ab610 JavaThread "Signal Dispatcher"          daemon [_thread_blocked, id=13104, stack(0x000000ad5e100000,0x000000ad5e200000) (1024K)]
  0x000001bfbc1e2d90 JavaThread "Attach Listener"            daemon [_thread_blocked, id=2036, stack(0x000000ad5e200000,0x000000ad5e300000) (1024K)]
  0x000001bfbc1e3f70 JavaThread "Service Thread"             daemon [_thread_blocked, id=15348, stack(0x000000ad5e300000,0x000000ad5e400000) (1024K)]
  0x000001bfbc1e5ce0 JavaThread "Monitor Deflation Thread"   daemon [_thread_blocked, id=18040, stack(0x000000ad5e400000,0x000000ad5e500000) (1024K)]
=>0x000001bfbc1f1280 JavaThread "C2 CompilerThread0"         daemon [_thread_in_native, id=17228, stack(0x000000ad5e500000,0x000000ad5e600000) (1024K)]
  0x000001bfbc1f2890 JavaThread "C1 CompilerThread0"         daemon [_thread_blocked, id=16044, stack(0x000000ad5e600000,0x000000ad5e700000) (1024K)]
  0x000001bfbc4fe700 JavaThread "Notification Thread"        daemon [_thread_blocked, id=11564, stack(0x000000ad5e700000,0x000000ad5e800000) (1024K)]
  0x000001bfc248c4a0 JavaThread "Daemon health stats"               [_thread_blocked, id=5008, stack(0x000000ad5ec00000,0x000000ad5ed00000) (1024K)]
  0x000001bfc19427e0 JavaThread "Incoming local TCP Connector on port 62453"        [_thread_in_native, id=13648, stack(0x000000ad5ed00000,0x000000ad5ee00000) (1024K)]
  0x000001bfc18d2900 JavaThread "Daemon periodic checks"            [_thread_blocked, id=10532, stack(0x000000ad5ee00000,0x000000ad5ef00000) (1024K)]
  0x000001bfc1fe4740 JavaThread "Daemon"                            [_thread_blocked, id=11080, stack(0x000000ad5ef00000,0x000000ad5f000000) (1024K)]
  0x000001bfc1efc820 JavaThread "Handler for socket connection from /127.0.0.1:62453 to /127.0.0.1:62455"        [_thread_in_native, id=3684, stack(0x000000ad5f000000,0x000000ad5f100000) (1024K)]
  0x000001bfc2dc2500 JavaThread "Cancel handler"                    [_thread_blocked, id=17296, stack(0x000000ad5f800000,0x000000ad5f900000) (1024K)]
  0x000001bfc36d10b0 JavaThread "Daemon worker"                     [_thread_in_vm, id=8844, stack(0x000000ad5f900000,0x000000ad5fa00000) (1024K)]
  0x000001bfc2359690 JavaThread "Asynchronous log dispatcher for DefaultDaemonConnection: socket connection from /127.0.0.1:62453 to /127.0.0.1:62455"        [_thread_blocked, id=14428, stack(0x000000ad5fa00000,0x000000ad5fb00000) (1024K)]
  0x000001bfc235b760 JavaThread "Stdin handler"                     [_thread_blocked, id=10260, stack(0x000000ad5fb00000,0x000000ad5fc00000) (1024K)]
  0x000001bfc235bdf0 JavaThread "Daemon client event forwarder"        [_thread_blocked, id=11180, stack(0x000000ad5fc00000,0x000000ad5fd00000) (1024K)]
  0x000001bfc235b0d0 JavaThread "Cache worker for journal cache (C:\Users\wasin\.gradle\caches\journal-1)"        [_thread_blocked, id=3504, stack(0x000000ad5fd00000,0x000000ad5fe00000) (1024K)]
  0x000001bfc2359000 JavaThread "File lock request listener"        [_thread_in_native, id=8928, stack(0x000000ad5fe00000,0x000000ad5ff00000) (1024K)]
  0x000001bfc2359d20 JavaThread "File lock release action executor"        [_thread_blocked, id=15528, stack(0x000000ad5ff00000,0x000000ad60000000) (1024K)]
  0x000001bfc235a3b0 JavaThread "Cache worker for file hash cache (C:\Users\wasin\.gradle\caches\9.4.1\fileHashes)"        [_thread_blocked, id=9996, stack(0x000000ad60000000,0x000000ad60100000) (1024K)]
  0x000001bfc410f360 JavaThread "Cache worker for file hash cache (D:\Summer\.gradle\9.4.1\fileHashes)"        [_thread_blocked, id=2408, stack(0x000000ad60100000,0x000000ad60200000) (1024K)]
  0x000001bfc410f9f0 JavaThread "Cache worker for Build Output Cleanup Cache (D:\Summer\.gradle\buildOutputCleanup)"        [_thread_blocked, id=6304, stack(0x000000ad60200000,0x000000ad60300000) (1024K)]
  0x000001bfc410e640 JavaThread "File watcher server"        daemon [_thread_in_native, id=4268, stack(0x000000ad60300000,0x000000ad60400000) (1024K)]
  0x000001bfc4110080 JavaThread "File watcher consumer"      daemon [_thread_blocked, id=3152, stack(0x000000ad60400000,0x000000ad60500000) (1024K)]
  0x000001bfc4110710 JavaThread "jar transforms"                    [_thread_blocked, id=10256, stack(0x000000ad60500000,0x000000ad60600000) (1024K)]
  0x000001bfc410d920 JavaThread "jar transforms Thread 2"           [_thread_blocked, id=12188, stack(0x000000ad60600000,0x000000ad60700000) (1024K)]
  0x000001bfc41148b0 JavaThread "jar transforms Thread 3"           [_thread_blocked, id=13724, stack(0x000000ad60700000,0x000000ad60800000) (1024K)]
  0x000001bfc4114220 JavaThread "jar transforms Thread 4"           [_thread_blocked, id=11124, stack(0x000000ad60800000,0x000000ad60900000) (1024K)]
  0x000001bfc4111ac0 JavaThread "jar transforms Thread 5"           [_thread_blocked, id=8344, stack(0x000000ad60900000,0x000000ad60a00000) (1024K)]
  0x000001bfc4111430 JavaThread "jar transforms Thread 6"           [_thread_blocked, id=16724, stack(0x000000ad60a00000,0x000000ad60b00000) (1024K)]
  0x000001bfc4114f40 JavaThread "jar transforms Thread 7"           [_thread_blocked, id=14964, stack(0x000000ad60b00000,0x000000ad60c00000) (1024K)]
  0x000001bfc4112150 JavaThread "jar transforms Thread 8"           [_thread_blocked, id=4416, stack(0x000000ad60c00000,0x000000ad60d00000) (1024K)]
  0x000001bfc41127e0 JavaThread "jar transforms Thread 9"           [_thread_blocked, id=1764, stack(0x000000ad60d00000,0x000000ad60e00000) (1024K)]
  0x000001bfc4112e70 JavaThread "jar transforms Thread 10"          [_thread_blocked, id=18852, stack(0x000000ad60e00000,0x000000ad60f00000) (1024K)]
  0x000001bfc4113500 JavaThread "jar transforms Thread 11"          [_thread_blocked, id=18100, stack(0x000000ad60f00000,0x000000ad61000000) (1024K)]
  0x000001bfc4113b90 JavaThread "jar transforms Thread 12"          [_thread_blocked, id=2208, stack(0x000000ad61000000,0x000000ad61100000) (1024K)]
  0x000001bfc41a3870 JavaThread "Cache worker for file content cache (C:\Users\wasin\.gradle\caches\9.4.1\fileContent)"        [_thread_blocked, id=15652, stack(0x000000ad61200000,0x000000ad61300000) (1024K)]
  0x000001bfc41a03f0 JavaThread "Cache worker for checksums cache (D:\Summer\.gradle\9.4.1\checksums)"        [_thread_blocked, id=3908, stack(0x000000ad61300000,0x000000ad61400000) (1024K)]
  0x000001bfc41a1e30 JavaThread "Cache worker for cache directory md-supplier (C:\Users\wasin\.gradle\caches\9.4.1\md-supplier)"        [_thread_blocked, id=16580, stack(0x000000ad61400000,0x000000ad61500000) (1024K)]
  0x000001bfc41a24c0 JavaThread "Cache worker for cache directory md-rule (C:\Users\wasin\.gradle\caches\9.4.1\md-rule)"        [_thread_blocked, id=4116, stack(0x000000ad61500000,0x000000ad61600000) (1024K)]
  0x000001bfbc840690 JavaThread "Build operations"                  [_thread_blocked, id=19408, stack(0x000000ad61100000,0x000000ad61200000) (1024K)]
  0x000001bfbc843480 JavaThread "Build operations Thread 2"         [_thread_blocked, id=11848, stack(0x000000ad61600000,0x000000ad61700000) (1024K)]
  0x000001bfbc840d20 JavaThread "Build operations Thread 3"         [_thread_blocked, id=11040, stack(0x000000ad61700000,0x000000ad61800000) (1024K)]
  0x000001bfbc8420d0 JavaThread "Build operations Thread 4"         [_thread_blocked, id=12680, stack(0x000000ad61800000,0x000000ad61900000) (1024K)]
  0x000001bfbc844830 JavaThread "Build operations Thread 5"         [_thread_blocked, id=8716, stack(0x000000ad61900000,0x000000ad61a00000) (1024K)]
  0x000001bfbc842760 JavaThread "Build operations Thread 6"         [_thread_blocked, id=1420, stack(0x000000ad61a00000,0x000000ad61b00000) (1024K)]
  0x000001bfbc843b10 JavaThread "Build operations Thread 7"         [_thread_blocked, id=11720, stack(0x000000ad61b00000,0x000000ad61c00000) (1024K)]
  0x000001bfbc8413b0 JavaThread "Build operations Thread 8"         [_thread_blocked, id=8208, stack(0x000000ad61c00000,0x000000ad61d00000) (1024K)]
  0x000001bfbc841a40 JavaThread "Build operations Thread 9"         [_thread_blocked, id=5544, stack(0x000000ad61d00000,0x000000ad61e00000) (1024K)]
  0x000001bfbc846900 JavaThread "Build operations Thread 10"        [_thread_blocked, id=17256, stack(0x000000ad61e00000,0x000000ad61f00000) (1024K)]
  0x000001bfbc845550 JavaThread "Build operations Thread 11"        [_thread_blocked, id=10264, stack(0x000000ad61f00000,0x000000ad62000000) (1024K)]
  0x000001bfbc846f90 JavaThread "Build operations Thread 12"        [_thread_blocked, id=13632, stack(0x000000ad62000000,0x000000ad62100000) (1024K)]
Total: 57

Other Threads:
  0x000001bfbc125070 VMThread "VM Thread"                           [id=6928, stack(0x000000ad5dd00000,0x000000ad5de00000) (1024K)]
  0x000001bfbbf9ca80 WatcherThread "VM Periodic Task Thread"        [id=4368, stack(0x000000ad5dc00000,0x000000ad5dd00000) (1024K)]
  0x000001bfa44e2b20 WorkerThread "GC Thread#0"                     [id=1452, stack(0x000000ad5d700000,0x000000ad5d800000) (1024K)]
  0x000001bfbcc539d0 WorkerThread "GC Thread#1"                     [id=3716, stack(0x000000ad5e800000,0x000000ad5e900000) (1024K)]
  0x000001bfc1452d50 WorkerThread "GC Thread#2"                     [id=6204, stack(0x000000ad5e900000,0x000000ad5ea00000) (1024K)]
  0x000001bfc145c180 WorkerThread "GC Thread#3"                     [id=7016, stack(0x000000ad5ea00000,0x000000ad5eb00000) (1024K)]
  0x000001bfc15aad60 WorkerThread "GC Thread#4"                     [id=8924, stack(0x000000ad5eb00000,0x000000ad5ec00000) (1024K)]
  0x000001bfc1af5140 WorkerThread "GC Thread#5"                     [id=15776, stack(0x000000ad5f100000,0x000000ad5f200000) (1024K)]
  0x000001bfc1af4280 WorkerThread "GC Thread#6"                     [id=3356, stack(0x000000ad5f200000,0x000000ad5f300000) (1024K)]
  0x000001bfc1af3ed0 WorkerThread "GC Thread#7"                     [id=12916, stack(0x000000ad5f300000,0x000000ad5f400000) (1024K)]
  0x000001bfc1af49e0 WorkerThread "GC Thread#8"                     [id=7768, stack(0x000000ad5f400000,0x000000ad5f500000) (1024K)]
  0x000001bfc1af4d90 WorkerThread "GC Thread#9"                     [id=6424, stack(0x000000ad5f500000,0x000000ad5f600000) (1024K)]
  0x000001bfa44f5000 ConcurrentGCThread "G1 Main Marker"            [id=18916, stack(0x000000ad5d800000,0x000000ad5d900000) (1024K)]
  0x000001bfa44f5a20 WorkerThread "G1 Conc#0"                       [id=15868, stack(0x000000ad5d900000,0x000000ad5da00000) (1024K)]
  0x000001bfc1af54f0 WorkerThread "G1 Conc#1"                       [id=4232, stack(0x000000ad5f600000,0x000000ad5f700000) (1024K)]
  0x000001bfc1af58a0 WorkerThread "G1 Conc#2"                       [id=8532, stack(0x000000ad5f700000,0x000000ad5f800000) (1024K)]
  0x000001bfa454e450 ConcurrentGCThread "G1 Refine#0"               [id=8432, stack(0x000000ad5da00000,0x000000ad5db00000) (1024K)]
  0x000001bfbbe579d0 ConcurrentGCThread "G1 Service"                [id=5576, stack(0x000000ad5db00000,0x000000ad5dc00000) (1024K)]
Total: 18

Threads with active compile tasks:
C2 CompilerThread0  27919 8857   !   4       java.net.URLClassLoader::findClass (47 bytes)
Total: 1

VM state: not at safepoint (normal execution)

VM Mutex/Monitor currently owned by a thread: None

Heap address: 0x0000000080000000, size: 2048 MB, Compressed Oops mode: 32-bit

CDS archive(s) not mapped
Compressed class space mapped at: 0x0000000100000000-0x0000000140000000, reserved size: 1073741824
Narrow klass base: 0x0000000000000000, Narrow klass shift: 3, Narrow klass range: 0x140000000

GC Precious Log:
 CardTable entry size: 512
 Card Set container configuration: InlinePtr #cards 5 size 8 Array Of Cards #cards 12 size 40 Howl #buckets 4 coarsen threshold 1843 Howl Bitmap #cards 512 size 80 coarsen threshold 460 Card regions per heap region 1 cards per card region 2048
 CPUs: 12 total, 12 available
 Memory: 10101M
 Large Page Support: Disabled
 NUMA Support: Disabled
 Compressed Oops: Enabled (32-bit)
 Heap Region Size: 1M
 Heap Min Capacity: 8M
 Heap Initial Capacity: 158M
 Heap Max Capacity: 2G
 Pre-touch: Disabled
 Parallel Workers: 10
 Concurrent Workers: 3
 Concurrent Refinement Workers: 10
 Periodic GC: Disabled

Heap:
 garbage-first heap   total 130048K, used 110129K [0x0000000080000000, 0x0000000100000000)
  region size 1024K, 27 young (27648K), 5 survivors (5120K)
 Metaspace       used 75403K, committed 77376K, reserved 1179648K
  class space    used 10717K, committed 11648K, reserved 1048576K

Heap Regions: E=young(eden), S=young(survivor), O=old, HS=humongous(starts), HC=humongous(continues), CS=collection set, F=free, TAMS=top-at-mark-start, PB=parsable bottom
|   0|0x0000000080000000, 0x0000000080100000, 0x0000000080100000|100%|HS|  |TAMS 0x0000000080000000| PB 0x0000000080000000| Complete 
|   1|0x0000000080100000, 0x0000000080200000, 0x0000000080200000|100%|HC|  |TAMS 0x0000000080100000| PB 0x0000000080100000| Complete 
|   2|0x0000000080200000, 0x0000000080300000, 0x0000000080300000|100%|HC|  |TAMS 0x0000000080200000| PB 0x0000000080200000| Complete 
|   3|0x0000000080300000, 0x0000000080400000, 0x0000000080400000|100%|HC|  |TAMS 0x0000000080300000| PB 0x0000000080300000| Complete 
|   4|0x0000000080400000, 0x0000000080500000, 0x0000000080500000|100%| O|  |TAMS 0x0000000080400000| PB 0x0000000080400000| Untracked 
|   5|0x0000000080500000, 0x0000000080600000, 0x0000000080600000|100%| O|  |TAMS 0x0000000080500000| PB 0x0000000080500000| Untracked 
|   6|0x0000000080600000, 0x0000000080700000, 0x0000000080700000|100%| O|  |TAMS 0x0000000080600000| PB 0x0000000080600000| Untracked 
|   7|0x0000000080700000, 0x0000000080800000, 0x0000000080800000|100%| O|  |TAMS 0x0000000080700000| PB 0x0000000080700000| Untracked 
|   8|0x0000000080800000, 0x0000000080900000, 0x0000000080900000|100%| O|  |TAMS 0x0000000080800000| PB 0x0000000080800000| Untracked 
|   9|0x0000000080900000, 0x0000000080a00000, 0x0000000080a00000|100%| O|  |TAMS 0x0000000080900000| PB 0x0000000080900000| Untracked 
|  10|0x0000000080a00000, 0x0000000080b00000, 0x0000000080b00000|100%| O|  |TAMS 0x0000000080a00000| PB 0x0000000080a00000| Untracked 
|  11|0x0000000080b00000, 0x0000000080c00000, 0x0000000080c00000|100%|HS|  |TAMS 0x0000000080b00000| PB 0x0000000080b00000| Complete 
|  12|0x0000000080c00000, 0x0000000080d00000, 0x0000000080d00000|100%| O|  |TAMS 0x0000000080c00000| PB 0x0000000080c00000| Untracked 
|  13|0x0000000080d00000, 0x0000000080e00000, 0x0000000080e00000|100%| O|  |TAMS 0x0000000080d00000| PB 0x0000000080d00000| Untracked 
|  14|0x0000000080e00000, 0x0000000080f00000, 0x0000000080f00000|100%| O|  |TAMS 0x0000000080e00000| PB 0x0000000080e00000| Untracked 
|  15|0x0000000080f00000, 0x0000000081000000, 0x0000000081000000|100%|HS|  |TAMS 0x0000000080f00000| PB 0x0000000080f00000| Complete 
|  16|0x0000000081000000, 0x0000000081100000, 0x0000000081100000|100%|HC|  |TAMS 0x0000000081000000| PB 0x0000000081000000| Complete 
|  17|0x0000000081100000, 0x0000000081200000, 0x0000000081200000|100%|HC|  |TAMS 0x0000000081100000| PB 0x0000000081100000| Complete 
|  18|0x0000000081200000, 0x0000000081300000, 0x0000000081300000|100%|HC|  |TAMS 0x0000000081200000| PB 0x0000000081200000| Complete 
|  19|0x0000000081300000, 0x0000000081400000, 0x0000000081400000|100%|HC|  |TAMS 0x0000000081300000| PB 0x0000000081300000| Complete 
|  20|0x0000000081400000, 0x0000000081500000, 0x0000000081500000|100%|HC|  |TAMS 0x0000000081400000| PB 0x0000000081400000| Complete 
|  21|0x0000000081500000, 0x0000000081600000, 0x0000000081600000|100%|HS|  |TAMS 0x0000000081500000| PB 0x0000000081500000| Complete 
|  22|0x0000000081600000, 0x0000000081700000, 0x0000000081700000|100%|HS|  |TAMS 0x0000000081600000| PB 0x0000000081600000| Complete 
|  23|0x0000000081700000, 0x0000000081800000, 0x0000000081800000|100%|HS|  |TAMS 0x0000000081700000| PB 0x0000000081700000| Complete 
|  24|0x0000000081800000, 0x0000000081900000, 0x0000000081900000|100%|HC|  |TAMS 0x0000000081800000| PB 0x0000000081800000| Complete 
|  25|0x0000000081900000, 0x0000000081a00000, 0x0000000081a00000|100%|HC|  |TAMS 0x0000000081900000| PB 0x0000000081900000| Complete 
|  26|0x0000000081a00000, 0x0000000081b00000, 0x0000000081b00000|100%|HC|  |TAMS 0x0000000081a00000| PB 0x0000000081a00000| Complete 
|  27|0x0000000081b00000, 0x0000000081c00000, 0x0000000081c00000|100%|HC|  |TAMS 0x0000000081b00000| PB 0x0000000081b00000| Complete 
|  28|0x0000000081c00000, 0x0000000081d00000, 0x0000000081d00000|100%|HC|  |TAMS 0x0000000081c00000| PB 0x0000000081c00000| Complete 
|  29|0x0000000081d00000, 0x0000000081e00000, 0x0000000081e00000|100%|HS|  |TAMS 0x0000000081d00000| PB 0x0000000081d00000| Complete 
|  30|0x0000000081e00000, 0x0000000081f00000, 0x0000000081f00000|100%| O|  |TAMS 0x0000000081e00000| PB 0x0000000081e00000| Untracked 
|  31|0x0000000081f00000, 0x0000000082000000, 0x0000000082000000|100%| O|  |TAMS 0x0000000081f00000| PB 0x0000000081f00000| Untracked 
|  32|0x0000000082000000, 0x0000000082100000, 0x0000000082100000|100%| O|  |TAMS 0x0000000082000000| PB 0x0000000082000000| Untracked 
|  33|0x0000000082100000, 0x0000000082200000, 0x0000000082200000|100%| O|  |TAMS 0x0000000082100000| PB 0x0000000082100000| Untracked 
|  34|0x0000000082200000, 0x0000000082300000, 0x0000000082300000|100%| O|  |TAMS 0x0000000082200000| PB 0x0000000082200000| Untracked 
|  35|0x0000000082300000, 0x0000000082400000, 0x0000000082400000|100%| O|  |TAMS 0x0000000082300000| PB 0x0000000082300000| Untracked 
|  36|0x0000000082400000, 0x0000000082500000, 0x0000000082500000|100%| O|  |TAMS 0x0000000082400000| PB 0x0000000082400000| Untracked 
|  37|0x0000000082500000, 0x0000000082600000, 0x0000000082600000|100%| O|  |TAMS 0x0000000082500000| PB 0x0000000082500000| Untracked 
|  38|0x0000000082600000, 0x0000000082700000, 0x0000000082700000|100%| O|  |TAMS 0x0000000082600000| PB 0x0000000082600000| Untracked 
|  39|0x0000000082700000, 0x0000000082800000, 0x0000000082800000|100%| O|  |TAMS 0x0000000082700000| PB 0x0000000082700000| Untracked 
|  40|0x0000000082800000, 0x0000000082900000, 0x0000000082900000|100%| O|  |TAMS 0x0000000082800000| PB 0x0000000082800000| Untracked 
|  41|0x0000000082900000, 0x0000000082a00000, 0x0000000082a00000|100%| O|  |TAMS 0x0000000082900000| PB 0x0000000082900000| Untracked 
|  42|0x0000000082a00000, 0x0000000082b00000, 0x0000000082b00000|100%| O|  |TAMS 0x0000000082a00000| PB 0x0000000082a00000| Untracked 
|  43|0x0000000082b00000, 0x0000000082c00000, 0x0000000082c00000|100%| O|  |TAMS 0x0000000082b00000| PB 0x0000000082b00000| Untracked 
|  44|0x0000000082c00000, 0x0000000082d00000, 0x0000000082d00000|100%| O|  |TAMS 0x0000000082c00000| PB 0x0000000082c00000| Untracked 
|  45|0x0000000082d00000, 0x0000000082e00000, 0x0000000082e00000|100%| O|  |TAMS 0x0000000082d00000| PB 0x0000000082d00000| Untracked 
|  46|0x0000000082e00000, 0x0000000082f00000, 0x0000000082f00000|100%| O|Cm|TAMS 0x0000000082e00000| PB 0x0000000082e00000| Complete 
|  47|0x0000000082f00000, 0x0000000083000000, 0x0000000083000000|100%| O|  |TAMS 0x0000000082f00000| PB 0x0000000082f00000| Untracked 
|  48|0x0000000083000000, 0x0000000083100000, 0x0000000083100000|100%| O|  |TAMS 0x0000000083000000| PB 0x0000000083000000| Untracked 
|  49|0x0000000083100000, 0x0000000083200000, 0x0000000083200000|100%| O|  |TAMS 0x0000000083100000| PB 0x0000000083100000| Untracked 
|  50|0x0000000083200000, 0x0000000083300000, 0x0000000083300000|100%| O|Cm|TAMS 0x0000000083200000| PB 0x0000000083200000| Complete 
|  51|0x0000000083300000, 0x0000000083400000, 0x0000000083400000|100%| O|  |TAMS 0x0000000083300000| PB 0x0000000083300000| Untracked 
|  52|0x0000000083400000, 0x0000000083500000, 0x0000000083500000|100%| O|  |TAMS 0x0000000083400000| PB 0x0000000083400000| Untracked 
|  53|0x0000000083500000, 0x0000000083600000, 0x0000000083600000|100%| O|  |TAMS 0x0000000083500000| PB 0x0000000083500000| Untracked 
|  54|0x0000000083600000, 0x0000000083700000, 0x0000000083700000|100%| O|  |TAMS 0x0000000083600000| PB 0x0000000083600000| Untracked 
|  55|0x0000000083700000, 0x0000000083800000, 0x0000000083800000|100%| O|  |TAMS 0x0000000083700000| PB 0x0000000083700000| Untracked 
|  56|0x0000000083800000, 0x0000000083900000, 0x0000000083900000|100%|HS|  |TAMS 0x0000000083800000| PB 0x0000000083800000| Complete 
|  57|0x0000000083900000, 0x0000000083a00000, 0x0000000083a00000|100%| O|  |TAMS 0x0000000083900000| PB 0x0000000083900000| Untracked 
|  58|0x0000000083a00000, 0x0000000083b00000, 0x0000000083b00000|100%| O|  |TAMS 0x0000000083a00000| PB 0x0000000083a00000| Untracked 
|  59|0x0000000083b00000, 0x0000000083c00000, 0x0000000083c00000|100%| O|  |TAMS 0x0000000083b00000| PB 0x0000000083b00000| Untracked 
|  60|0x0000000083c00000, 0x0000000083d00000, 0x0000000083d00000|100%|HS|  |TAMS 0x0000000083c00000| PB 0x0000000083c00000| Complete 
|  61|0x0000000083d00000, 0x0000000083e00000, 0x0000000083e00000|100%|HS|  |TAMS 0x0000000083d00000| PB 0x0000000083d00000| Complete 
|  62|0x0000000083e00000, 0x0000000083f00000, 0x0000000083f00000|100%|HS|  |TAMS 0x0000000083e00000| PB 0x0000000083e00000| Complete 
|  63|0x0000000083f00000, 0x0000000084000000, 0x0000000084000000|100%|HS|  |TAMS 0x0000000083f00000| PB 0x0000000083f00000| Complete 
|  64|0x0000000084000000, 0x0000000084100000, 0x0000000084100000|100%|HS|  |TAMS 0x0000000084000000| PB 0x0000000084000000| Complete 
|  65|0x0000000084100000, 0x000000008418c460, 0x0000000084200000| 54%| O|  |TAMS 0x0000000084100000| PB 0x0000000084100000| Untracked 
|  66|0x0000000084200000, 0x0000000084300000, 0x0000000084300000|100%|HS|  |TAMS 0x0000000084200000| PB 0x0000000084200000| Complete 
|  67|0x0000000084300000, 0x0000000084400000, 0x0000000084400000|100%|HC|  |TAMS 0x0000000084300000| PB 0x0000000084300000| Complete 
|  68|0x0000000084400000, 0x0000000084500000, 0x0000000084500000|100%|HS|  |TAMS 0x0000000084400000| PB 0x0000000084400000| Complete 
|  69|0x0000000084500000, 0x0000000084600000, 0x0000000084600000|100%| S|CS|TAMS 0x0000000084500000| PB 0x0000000084500000| Complete 
|  70|0x0000000084600000, 0x0000000084700000, 0x0000000084700000|100%|HS|  |TAMS 0x0000000084600000| PB 0x0000000084600000| Complete 
|  71|0x0000000084700000, 0x0000000084700000, 0x0000000084800000|  0%| F|  |TAMS 0x0000000084700000| PB 0x0000000084700000| Untracked 
|  72|0x0000000084800000, 0x0000000084900000, 0x0000000084900000|100%| S|CS|TAMS 0x0000000084800000| PB 0x0000000084800000| Complete 
|  73|0x0000000084900000, 0x0000000084a00000, 0x0000000084a00000|100%| S|CS|TAMS 0x0000000084900000| PB 0x0000000084900000| Complete 
|  74|0x0000000084a00000, 0x0000000084b00000, 0x0000000084b00000|100%| S|CS|TAMS 0x0000000084a00000| PB 0x0000000084a00000| Complete 
|  75|0x0000000084b00000, 0x0000000084c00000, 0x0000000084c00000|100%| S|CS|TAMS 0x0000000084b00000| PB 0x0000000084b00000| Complete 
|  76|0x0000000084c00000, 0x0000000084c00000, 0x0000000084d00000|  0%| F|  |TAMS 0x0000000084c00000| PB 0x0000000084c00000| Untracked 
|  77|0x0000000084d00000, 0x0000000084d00000, 0x0000000084e00000|  0%| F|  |TAMS 0x0000000084d00000| PB 0x0000000084d00000| Untracked 
|  78|0x0000000084e00000, 0x0000000084e00000, 0x0000000084f00000|  0%| F|  |TAMS 0x0000000084e00000| PB 0x0000000084e00000| Untracked 
|  79|0x0000000084f00000, 0x0000000084f00000, 0x0000000085000000|  0%| F|  |TAMS 0x0000000084f00000| PB 0x0000000084f00000| Untracked 
|  80|0x0000000085000000, 0x0000000085000000, 0x0000000085100000|  0%| F|  |TAMS 0x0000000085000000| PB 0x0000000085000000| Untracked 
|  81|0x0000000085100000, 0x0000000085100000, 0x0000000085200000|  0%| F|  |TAMS 0x0000000085100000| PB 0x0000000085100000| Untracked 
|  82|0x0000000085200000, 0x0000000085200000, 0x0000000085300000|  0%| F|  |TAMS 0x0000000085200000| PB 0x0000000085200000| Untracked 
|  83|0x0000000085300000, 0x0000000085300000, 0x0000000085400000|  0%| F|  |TAMS 0x0000000085300000| PB 0x0000000085300000| Untracked 
|  84|0x0000000085400000, 0x0000000085400000, 0x0000000085500000|  0%| F|  |TAMS 0x0000000085400000| PB 0x0000000085400000| Untracked 
|  85|0x0000000085500000, 0x0000000085500000, 0x0000000085600000|  0%| F|  |TAMS 0x0000000085500000| PB 0x0000000085500000| Untracked 
|  86|0x0000000085600000, 0x0000000085600000, 0x0000000085700000|  0%| F|  |TAMS 0x0000000085600000| PB 0x0000000085600000| Untracked 
|  87|0x0000000085700000, 0x0000000085700000, 0x0000000085800000|  0%| F|  |TAMS 0x0000000085700000| PB 0x0000000085700000| Untracked 
|  88|0x0000000085800000, 0x0000000085800000, 0x0000000085900000|  0%| F|  |TAMS 0x0000000085800000| PB 0x0000000085800000| Untracked 
|  89|0x0000000085900000, 0x0000000085900000, 0x0000000085a00000|  0%| F|  |TAMS 0x0000000085900000| PB 0x0000000085900000| Untracked 
|  90|0x0000000085a00000, 0x0000000085a00000, 0x0000000085b00000|  0%| F|  |TAMS 0x0000000085a00000| PB 0x0000000085a00000| Untracked 
|  91|0x0000000085b00000, 0x0000000085b00000, 0x0000000085c00000|  0%| F|  |TAMS 0x0000000085b00000| PB 0x0000000085b00000| Untracked 
|  92|0x0000000085c00000, 0x0000000085ca4b20, 0x0000000085d00000| 64%| E|  |TAMS 0x0000000085c00000| PB 0x0000000085c00000| Complete 
|  93|0x0000000085d00000, 0x0000000085e00000, 0x0000000085e00000|100%| E|CS|TAMS 0x0000000085d00000| PB 0x0000000085d00000| Complete 
|  94|0x0000000085e00000, 0x0000000085f00000, 0x0000000085f00000|100%| E|CS|TAMS 0x0000000085e00000| PB 0x0000000085e00000| Complete 
|  95|0x0000000085f00000, 0x0000000086000000, 0x0000000086000000|100%| E|CS|TAMS 0x0000000085f00000| PB 0x0000000085f00000| Complete 
|  96|0x0000000086000000, 0x0000000086100000, 0x0000000086100000|100%| E|CS|TAMS 0x0000000086000000| PB 0x0000000086000000| Complete 
|  97|0x0000000086100000, 0x0000000086200000, 0x0000000086200000|100%| E|CS|TAMS 0x0000000086100000| PB 0x0000000086100000| Complete 
|  98|0x0000000086200000, 0x0000000086300000, 0x0000000086300000|100%| E|CS|TAMS 0x0000000086200000| PB 0x0000000086200000| Complete 
|  99|0x0000000086300000, 0x0000000086400000, 0x0000000086400000|100%| E|CS|TAMS 0x0000000086300000| PB 0x0000000086300000| Complete 
| 100|0x0000000086400000, 0x0000000086500000, 0x0000000086500000|100%| E|CS|TAMS 0x0000000086400000| PB 0x0000000086400000| Complete 
| 101|0x0000000086500000, 0x0000000086600000, 0x0000000086600000|100%| E|  |TAMS 0x0000000086500000| PB 0x0000000086500000| Complete 
| 102|0x0000000086600000, 0x0000000086700000, 0x0000000086700000|100%| E|CS|TAMS 0x0000000086600000| PB 0x0000000086600000| Complete 
| 103|0x0000000086700000, 0x0000000086800000, 0x0000000086800000|100%| E|CS|TAMS 0x0000000086700000| PB 0x0000000086700000| Complete 
| 104|0x0000000086800000, 0x0000000086900000, 0x0000000086900000|100%| E|CS|TAMS 0x0000000086800000| PB 0x0000000086800000| Complete 
| 105|0x0000000086900000, 0x0000000086a00000, 0x0000000086a00000|100%| E|CS|TAMS 0x0000000086900000| PB 0x0000000086900000| Complete 
| 106|0x0000000086a00000, 0x0000000086b00000, 0x0000000086b00000|100%| E|CS|TAMS 0x0000000086a00000| PB 0x0000000086a00000| Complete 
| 107|0x0000000086b00000, 0x0000000086c00000, 0x0000000086c00000|100%| E|CS|TAMS 0x0000000086b00000| PB 0x0000000086b00000| Complete 
| 108|0x0000000086c00000, 0x0000000086d00000, 0x0000000086d00000|100%| E|CS|TAMS 0x0000000086c00000| PB 0x0000000086c00000| Complete 
| 109|0x0000000086d00000, 0x0000000086e00000, 0x0000000086e00000|100%| E|CS|TAMS 0x0000000086d00000| PB 0x0000000086d00000| Complete 
| 110|0x0000000086e00000, 0x0000000086f00000, 0x0000000086f00000|100%| E|CS|TAMS 0x0000000086e00000| PB 0x0000000086e00000| Complete 
| 111|0x0000000086f00000, 0x0000000087000000, 0x0000000087000000|100%| E|CS|TAMS 0x0000000086f00000| PB 0x0000000086f00000| Complete 
| 157|0x0000000089d00000, 0x0000000089e00000, 0x0000000089e00000|100%| E|CS|TAMS 0x0000000089d00000| PB 0x0000000089d00000| Complete 
|2034|0x00000000ff200000, 0x00000000ff300000, 0x00000000ff300000|100%| O|  |TAMS 0x00000000ff200000| PB 0x00000000ff200000| Untracked 
|2035|0x00000000ff300000, 0x00000000ff400000, 0x00000000ff400000|100%| O|  |TAMS 0x00000000ff300000| PB 0x00000000ff300000| Untracked 
|2036|0x00000000ff400000, 0x00000000ff500000, 0x00000000ff500000|100%| O|  |TAMS 0x00000000ff400000| PB 0x00000000ff400000| Untracked 
|2037|0x00000000ff500000, 0x00000000ff600000, 0x00000000ff600000|100%| O|  |TAMS 0x00000000ff500000| PB 0x00000000ff500000| Untracked 
|2038|0x00000000ff600000, 0x00000000ff700000, 0x00000000ff700000|100%| O|  |TAMS 0x00000000ff600000| PB 0x00000000ff600000| Untracked 
|2039|0x00000000ff700000, 0x00000000ff800000, 0x00000000ff800000|100%| E|CS|TAMS 0x00000000ff700000| PB 0x00000000ff700000| Complete 
|2040|0x00000000ff800000, 0x00000000ff900000, 0x00000000ff900000|100%| O|  |TAMS 0x00000000ff800000| PB 0x00000000ff800000| Untracked 
|2041|0x00000000ff900000, 0x00000000ffa00000, 0x00000000ffa00000|100%| O|  |TAMS 0x00000000ff900000| PB 0x00000000ff900000| Untracked 
|2042|0x00000000ffa00000, 0x00000000ffb00000, 0x00000000ffb00000|100%| O|  |TAMS 0x00000000ffa00000| PB 0x00000000ffa00000| Untracked 
|2043|0x00000000ffb00000, 0x00000000ffc00000, 0x00000000ffc00000|100%| O|  |TAMS 0x00000000ffb00000| PB 0x00000000ffb00000| Untracked 
|2044|0x00000000ffc00000, 0x00000000ffd00000, 0x00000000ffd00000|100%| O|  |TAMS 0x00000000ffc00000| PB 0x00000000ffc00000| Untracked 
|2045|0x00000000ffd00000, 0x00000000ffe00000, 0x00000000ffe00000|100%| O|  |TAMS 0x00000000ffd00000| PB 0x00000000ffd00000| Untracked 
|2046|0x00000000ffe00000, 0x00000000fff00000, 0x00000000fff00000|100%| O|  |TAMS 0x00000000ffe00000| PB 0x00000000ffe00000| Untracked 
|2047|0x00000000fff00000, 0x0000000100000000, 0x0000000100000000|100%| O|  |TAMS 0x00000000fff00000| PB 0x00000000fff00000| Untracked 

Card table byte_map: [0x000001bfb6f40000,0x000001bfb7340000] _byte_map_base: 0x000001bfb6b40000

Marking Bits: (CMBitMap*) 0x000001bfa44e3140
 Bits: [0x000001bfb7340000, 0x000001bfb9340000)

Polling page: 0x000001bfa2290000

Metaspace:

Usage:
  Non-class:     63.18 MB used.
      Class:     10.47 MB used.
       Both:     73.65 MB used.

Virtual space:
  Non-class space:      128.00 MB reserved,      64.19 MB ( 50%) committed,  2 nodes.
      Class space:        1.00 GB reserved,      11.38 MB (  1%) committed,  1 nodes.
             Both:        1.12 GB reserved,      75.56 MB (  7%) committed. 

Chunk freelists:
   Non-Class:  15.06 MB
       Class:  4.57 MB
        Both:  19.63 MB

MaxMetaspaceSize: unlimited
CompressedClassSpaceSize: 1.00 GB
Initial GC threshold: 21.00 MB
Current GC threshold: 124.00 MB
CDS: off
 - commit_granule_bytes: 65536.
 - commit_granule_words: 8192.
 - virtual_space_node_default_size: 8388608.
 - enlarge_chunks_in_place: 1.
 - use_allocation_guard: 0.


Internal statistics:

num_allocs_failed_limit: 9.
num_arena_births: 3722.
num_arena_deaths: 0.
num_vsnodes_births: 3.
num_vsnodes_deaths: 0.
num_space_committed: 1209.
num_space_uncommitted: 0.
num_chunks_returned_to_freelist: 9.
num_chunks_taken_from_freelist: 6988.
num_chunk_merges: 6.
num_chunk_splits: 4521.
num_chunks_enlarged: 2771.
num_inconsistent_stats: 0.

CodeHeap 'non-profiled nmethods': size=120000Kb used=3714Kb max_used=3714Kb free=116285Kb
 bounds [0x000001bfaf0c0000, 0x000001bfaf470000, 0x000001bfb65f0000]
CodeHeap 'profiled nmethods': size=120000Kb used=14587Kb max_used=14648Kb free=105412Kb
 bounds [0x000001bfa75f0000, 0x000001bfa8450000, 0x000001bfaeb20000]
CodeHeap 'non-nmethods': size=5760Kb used=1909Kb max_used=1950Kb free=3850Kb
 bounds [0x000001bfaeb20000, 0x000001bfaed90000, 0x000001bfaf0c0000]
CodeCache: size=245760Kb, used=20210Kb, max_used=20312Kb, free=225547Kb
 total_blobs=8538, nmethods=7744, adapters=696, full_count=0
Compilation: enabled, stopped_count=0, restarted_count=0

Compilation events (20 events):
Event: 23.494 Thread 0x000001bfbc1f1280 8850       4       java.lang.Enum::hashCode (21 bytes)
Event: 23.495 Thread 0x000001bfbc1f1280 nmethod 8850 0x000001bfaf333290 code [0x000001bfaf333420, 0x000001bfaf333508]
Event: 23.498 Thread 0x000001bfbc1f1280 8851       4       java.lang.String::<init> (22 bytes)
Event: 23.500 Thread 0x000001bfbc1f1280 nmethod 8851 0x000001bfaf1aa690 code [0x000001bfaf1aa840, 0x000001bfaf1aa9c8]
Event: 23.565 Thread 0x000001bfbc1f2890 8852       3       java.lang.invoke.Invokers::checkGenericType (6 bytes)
Event: 23.566 Thread 0x000001bfbc1f2890 nmethod 8852 0x000001bfa7d7c510 code [0x000001bfa7d7c700, 0x000001bfa7d7ca28]
Event: 23.567 Thread 0x000001bfbc1f2890 8853       3       java.lang.String::lastIndexOf (10 bytes)
Event: 23.567 Thread 0x000001bfbc1f2890 nmethod 8853 0x000001bfa76cea90 code [0x000001bfa76cec60, 0x000001bfa76cee98]
Event: 23.639 Thread 0x000001bfbc1f2890 8854   !   3       org.gradle.internal.classloader.VisitableURLClassLoader$InstrumentingVisitableURLClassLoader::findClass (36 bytes)
Event: 23.640 Thread 0x000001bfbc1f2890 nmethod 8854 0x000001bfa7bae710 code [0x000001bfa7baea20, 0x000001bfa7bafa20]
Event: 23.640 Thread 0x000001bfbc1f2890 8855       3       org.gradle.internal.classloader.TransformErrorHandler::enterClassLoadingScope (50 bytes)
Event: 23.641 Thread 0x000001bfbc1f2890 nmethod 8855 0x000001bfa7cae490 code [0x000001bfa7cae720, 0x000001bfa7caf140]
Event: 23.721 Thread 0x000001bfbc1f2890 8856       3       com.google.common.collect.MapMakerInternalMap$StrongKeyWeakValueEntry::getValue (10 bytes)
Event: 23.721 Thread 0x000001bfbc1f2890 nmethod 8856 0x000001bfa7dc8390 code [0x000001bfa7dc8540, 0x000001bfa7dc8710]
Event: 23.730 Thread 0x000001bfbc1f1280 8857   !   4       java.net.URLClassLoader::findClass (47 bytes)
Event: 23.951 Thread 0x000001bfbc1f2890 8858       3       javax.management.ObjectName::addProperty (80 bytes)
Event: 23.952 Thread 0x000001bfbc1f2890 nmethod 8858 0x000001bfa7dc7790 code [0x000001bfa7dc79c0, 0x000001bfa7dc8120]
Event: 24.499 Thread 0x000001bfbc1f2890 8860       1       org.gradle.cache.internal.DefaultFileLockManager::access$600 (5 bytes)
Event: 24.499 Thread 0x000001bfbc1f2890 nmethod 8860 0x000001bfaf1aa390 code [0x000001bfaf1aa520, 0x000001bfaf1aa5d0]
Event: 26.940 Thread 0x000001bfbc1f2890 8863       3       java.lang.invoke.DirectMethodHandle$Holder::invokeStatic (21 bytes)

GC Heap History (20 events):
Event: 12.185 GC heap before
{Heap before GC invocations=12 (full 0):
 garbage-first heap   total 96256K, used 83259K [0x0000000080000000, 0x0000000100000000)
  region size 1024K, 33 young (33792K), 4 survivors (4096K)
 Metaspace       used 51981K, committed 53440K, reserved 1114112K
  class space    used 7241K, committed 7936K, reserved 1048576K
}
Event: 12.190 GC heap after
{Heap after GC invocations=13 (full 0):
 garbage-first heap   total 96256K, used 57828K [0x0000000080000000, 0x0000000100000000)
  region size 1024K, 5 young (5120K), 5 survivors (5120K)
 Metaspace       used 51981K, committed 53440K, reserved 1114112K
  class space    used 7241K, committed 7936K, reserved 1048576K
}
Event: 12.813 GC heap before
{Heap before GC invocations=13 (full 0):
 garbage-first heap   total 96256K, used 85476K [0x0000000080000000, 0x0000000100000000)
  region size 1024K, 32 young (32768K), 5 survivors (5120K)
 Metaspace       used 55405K, committed 56960K, reserved 1114112K
  class space    used 7822K, committed 8576K, reserved 1048576K
}
Event: 12.818 GC heap after
{Heap after GC invocations=14 (full 0):
 garbage-first heap   total 96256K, used 59141K [0x0000000080000000, 0x0000000100000000)
  region size 1024K, 2 young (2048K), 2 survivors (2048K)
 Metaspace       used 55405K, committed 56960K, reserved 1114112K
  class space    used 7822K, committed 8576K, reserved 1048576K
}
Event: 13.980 GC heap before
{Heap before GC invocations=14 (full 0):
 garbage-first heap   total 96256K, used 85765K [0x0000000080000000, 0x0000000100000000)
  region size 1024K, 29 young (29696K), 2 survivors (2048K)
 Metaspace       used 57558K, committed 59136K, reserved 1114112K
  class space    used 8169K, committed 8960K, reserved 1048576K
}
Event: 13.985 GC heap after
{Heap after GC invocations=15 (full 0):
 garbage-first heap   total 96256K, used 62439K [0x0000000080000000, 0x0000000100000000)
  region size 1024K, 4 young (4096K), 4 survivors (4096K)
 Metaspace       used 57558K, committed 59136K, reserved 1114112K
  class space    used 8169K, committed 8960K, reserved 1048576K
}
Event: 15.241 GC heap before
{Heap before GC invocations=16 (full 0):
 garbage-first heap   total 104448K, used 85991K [0x0000000080000000, 0x0000000100000000)
  region size 1024K, 28 young (28672K), 4 survivors (4096K)
 Metaspace       used 59112K, committed 60864K, reserved 1114112K
  class space    used 8366K, committed 9216K, reserved 1048576K
}
Event: 15.245 GC heap after
{Heap after GC invocations=17 (full 0):
 garbage-first heap   total 125952K, used 65006K [0x0000000080000000, 0x0000000100000000)
  region size 1024K, 4 young (4096K), 4 survivors (4096K)
 Metaspace       used 59112K, committed 60864K, reserved 1114112K
  class space    used 8366K, committed 9216K, reserved 1048576K
}
Event: 16.377 GC heap before
{Heap before GC invocations=17 (full 0):
 garbage-first heap   total 125952K, used 110062K [0x0000000080000000, 0x0000000100000000)
  region size 1024K, 48 young (49152K), 4 survivors (4096K)
 Metaspace       used 62776K, committed 64576K, reserved 1114112K
  class space    used 8936K, committed 9792K, reserved 1048576K
}
Event: 16.382 GC heap after
{Heap after GC invocations=18 (full 0):
 garbage-first heap   total 125952K, used 67163K [0x0000000080000000, 0x0000000100000000)
  region size 1024K, 6 young (6144K), 6 survivors (6144K)
 Metaspace       used 62776K, committed 64576K, reserved 1114112K
  class space    used 8936K, committed 9792K, reserved 1048576K
}
Event: 17.520 GC heap before
{Heap before GC invocations=18 (full 0):
 garbage-first heap   total 125952K, used 112219K [0x0000000080000000, 0x0000000100000000)
  region size 1024K, 50 young (51200K), 6 survivors (6144K)
 Metaspace       used 68684K, committed 70592K, reserved 1114112K
  class space    used 9791K, committed 10688K, reserved 1048576K
}
Event: 17.526 GC heap after
{Heap after GC invocations=19 (full 0):
 garbage-first heap   total 125952K, used 69549K [0x0000000080000000, 0x0000000100000000)
  region size 1024K, 5 young (5120K), 5 survivors (5120K)
 Metaspace       used 68684K, committed 70592K, reserved 1114112K
  class space    used 9791K, committed 10688K, reserved 1048576K
}
Event: 18.702 GC heap before
{Heap before GC invocations=20 (full 0):
 garbage-first heap   total 125952K, used 113581K [0x0000000080000000, 0x0000000100000000)
  region size 1024K, 48 young (49152K), 5 survivors (5120K)
 Metaspace       used 73230K, committed 75136K, reserved 1114112K
  class space    used 10530K, committed 11456K, reserved 1048576K
}
Event: 18.708 GC heap after
{Heap after GC invocations=21 (full 0):
 garbage-first heap   total 125952K, used 71949K [0x0000000080000000, 0x0000000100000000)
  region size 1024K, 5 young (5120K), 5 survivors (5120K)
 Metaspace       used 73230K, committed 75136K, reserved 1114112K
  class space    used 10530K, committed 11456K, reserved 1048576K
}
Event: 21.095 GC heap before
{Heap before GC invocations=21 (full 0):
 garbage-first heap   total 125952K, used 113933K [0x0000000080000000, 0x0000000100000000)
  region size 1024K, 47 young (48128K), 5 survivors (5120K)
 Metaspace       used 74053K, committed 76032K, reserved 1114112K
  class space    used 10578K, committed 11520K, reserved 1048576K
}
Event: 21.103 GC heap after
{Heap after GC invocations=22 (full 0):
 garbage-first heap   total 125952K, used 74933K [0x0000000080000000, 0x0000000100000000)
  region size 1024K, 6 young (6144K), 6 survivors (6144K)
 Metaspace       used 74053K, committed 76032K, reserved 1114112K
  class space    used 10578K, committed 11520K, reserved 1048576K
}
Event: 22.441 GC heap before
{Heap before GC invocations=22 (full 0):
 garbage-first heap   total 125952K, used 112821K [0x0000000080000000, 0x0000000100000000)
  region size 1024K, 44 young (45056K), 6 survivors (6144K)
 Metaspace       used 74213K, committed 76160K, reserved 1114112K
  class space    used 10578K, committed 11520K, reserved 1048576K
}
Event: 22.446 GC heap after
{Heap after GC invocations=23 (full 0):
 garbage-first heap   total 125952K, used 77146K [0x0000000080000000, 0x0000000100000000)
  region size 1024K, 2 young (2048K), 2 survivors (2048K)
 Metaspace       used 74213K, committed 76160K, reserved 1114112K
  class space    used 10578K, committed 11520K, reserved 1048576K
}
Event: 23.436 GC heap before
{Heap before GC invocations=24 (full 0):
 garbage-first heap   total 130048K, used 121178K [0x0000000080000000, 0x0000000100000000)
  region size 1024K, 40 young (40960K), 2 survivors (2048K)
 Metaspace       used 74409K, committed 76416K, reserved 1179648K
  class space    used 10611K, committed 11584K, reserved 1048576K
}
Event: 23.440 GC heap after
{Heap after GC invocations=25 (full 0):
 garbage-first heap   total 130048K, used 86577K [0x0000000080000000, 0x0000000100000000)
  region size 1024K, 5 young (5120K), 5 survivors (5120K)
 Metaspace       used 74409K, committed 76416K, reserved 1179648K
  class space    used 10611K, committed 11584K, reserved 1048576K
}

Dll operation events (3 events):
Event: 0.084 Loaded shared library C:\Program Files\Android\Android Studio\jbr\bin\java.dll
Event: 0.201 Loaded shared library C:\Program Files\Android\Android Studio\jbr\bin\zip.dll
Event: 1.747 Loaded shared library C:\Program Files\Android\Android Studio\jbr\bin\verify.dll

Deoptimization events (20 events):
Event: 22.449 Thread 0x000001bfbc840d20 DEOPT PACKING pc=0x000001bfaf23404c sp=0x000000ad617fc8e0
Event: 22.450 Thread 0x000001bfbc840d20 DEOPT UNPACKING pc=0x000001bfaeb743a2 sp=0x000000ad617fc860 mode 2
Event: 22.836 Thread 0x000001bfc36d10b0 Uncommon trap: trap_request=0xffffff45 fr.pc=0x000001bfaf3effe0 relative=0x00000000000002a0
Event: 22.836 Thread 0x000001bfc36d10b0 Uncommon trap: reason=unstable_if action=reinterpret pc=0x000001bfaf3effe0 method=java.util.LinkedHashMap.get(Ljava/lang/Object;)Ljava/lang/Object; @ 16 c2
Event: 22.836 Thread 0x000001bfc36d10b0 DEOPT PACKING pc=0x000001bfaf3effe0 sp=0x000000ad5f9f62a0
Event: 22.836 Thread 0x000001bfc36d10b0 DEOPT UNPACKING pc=0x000001bfaeb743a2 sp=0x000000ad5f9f6248 mode 2
Event: 22.876 Thread 0x000001bfc36d10b0 DEOPT PACKING pc=0x000001bfa8016178 sp=0x000000ad5f9f6810
Event: 22.876 Thread 0x000001bfc36d10b0 DEOPT UNPACKING pc=0x000001bfaeb74b42 sp=0x000000ad5f9f5cf8 mode 0
Event: 22.882 Thread 0x000001bfc36d10b0 DEOPT PACKING pc=0x000001bfa8016178 sp=0x000000ad5f9f6810
Event: 22.882 Thread 0x000001bfc36d10b0 DEOPT UNPACKING pc=0x000001bfaeb74b42 sp=0x000000ad5f9f5cf8 mode 0
Event: 22.892 Thread 0x000001bfc36d10b0 DEOPT PACKING pc=0x000001bfa8016178 sp=0x000000ad5f9f6d90
Event: 22.892 Thread 0x000001bfc36d10b0 DEOPT UNPACKING pc=0x000001bfaeb74b42 sp=0x000000ad5f9f6278 mode 0
Event: 22.893 Thread 0x000001bfc36d10b0 DEOPT PACKING pc=0x000001bfa8016178 sp=0x000000ad5f9f6d90
Event: 22.893 Thread 0x000001bfc36d10b0 DEOPT UNPACKING pc=0x000001bfaeb74b42 sp=0x000000ad5f9f6278 mode 0
Event: 22.893 Thread 0x000001bfc36d10b0 DEOPT PACKING pc=0x000001bfa8016178 sp=0x000000ad5f9f6e40
Event: 22.893 Thread 0x000001bfc36d10b0 DEOPT UNPACKING pc=0x000001bfaeb74b42 sp=0x000000ad5f9f6328 mode 0
Event: 22.977 Thread 0x000001bfc36d10b0 Uncommon trap: trap_request=0xffffffc6 fr.pc=0x000001bfaf14d558 relative=0x00000000000002f8
Event: 22.977 Thread 0x000001bfc36d10b0 Uncommon trap: reason=bimorphic_or_optimized_type_check action=maybe_recompile pc=0x000001bfaf14d558 method=com.google.common.base.CharMatcher.indexIn(Ljava/lang/CharSequence;I)I @ 31 c2
Event: 22.977 Thread 0x000001bfc36d10b0 DEOPT PACKING pc=0x000001bfaf14d558 sp=0x000000ad5f9f7400
Event: 22.977 Thread 0x000001bfc36d10b0 DEOPT UNPACKING pc=0x000001bfaeb743a2 sp=0x000000ad5f9f73a8 mode 2

Classes loaded (20 events):
Event: 18.055 Loading class java/util/IdentityHashMap$EntryIterator$Entry
Event: 18.055 Loading class java/util/IdentityHashMap$EntryIterator$Entry done
Event: 18.143 Loading class java/lang/invoke/SerializedLambda$1
Event: 18.143 Loading class java/lang/invoke/SerializedLambda$1 done
Event: 18.175 Loading class org/xml/sax/Locator
Event: 18.175 Loading class org/xml/sax/Locator done
Event: 18.176 Loading class org/xml/sax/SAXParseException
Event: 18.176 Loading class org/xml/sax/SAXParseException done
Event: 18.178 Loading class org/xml/sax/Attributes
Event: 18.178 Loading class org/xml/sax/Attributes done
Event: 18.312 Loading class java/util/function/LongUnaryOperator
Event: 18.312 Loading class java/util/function/LongUnaryOperator done
Event: 18.330 Loading class java/util/TreeMap$KeySpliterator
Event: 18.331 Loading class java/util/TreeMap$TreeMapSpliterator
Event: 18.331 Loading class java/util/TreeMap$TreeMapSpliterator done
Event: 18.331 Loading class java/util/TreeMap$KeySpliterator done
Event: 19.541 Loading class java/util/LinkedList$LLSpliterator
Event: 19.541 Loading class java/util/LinkedList$LLSpliterator done
Event: 20.870 Loading class java/util/concurrent/atomic/Striped64$Cell
Event: 20.870 Loading class java/util/concurrent/atomic/Striped64$Cell done

Classes unloaded (0 events):
No events

Classes redefined (0 events):
No events

Internal exceptions (20 events):
Event: 23.783 Thread 0x000001bfc36d10b0 Exception <a 'sun/nio/fs/WindowsException'{0x000000008618c6e8}> (0x000000008618c6e8) 
thrown [s\src\hotspot\share\prims\jni.cpp, line 537]
Event: 23.784 Thread 0x000001bfc36d10b0 Exception <a 'sun/nio/fs/WindowsException'{0x000000008619b148}> (0x000000008619b148) 
thrown [s\src\hotspot\share\prims\jni.cpp, line 537]
Event: 23.784 Thread 0x000001bfc36d10b0 Exception <a 'sun/nio/fs/WindowsException'{0x00000000861a9f20}> (0x00000000861a9f20) 
thrown [s\src\hotspot\share\prims\jni.cpp, line 537]
Event: 23.785 Thread 0x000001bfc36d10b0 Exception <a 'sun/nio/fs/WindowsException'{0x00000000861b8ec0}> (0x00000000861b8ec0) 
thrown [s\src\hotspot\share\prims\jni.cpp, line 537]
Event: 23.785 Thread 0x000001bfc36d10b0 Exception <a 'sun/nio/fs/WindowsException'{0x00000000861c9058}> (0x00000000861c9058) 
thrown [s\src\hotspot\share\prims\jni.cpp, line 537]
Event: 23.786 Thread 0x000001bfc36d10b0 Exception <a 'sun/nio/fs/WindowsException'{0x00000000861d7be0}> (0x00000000861d7be0) 
thrown [s\src\hotspot\share\prims\jni.cpp, line 537]
Event: 23.788 Thread 0x000001bfc36d10b0 Exception <a 'sun/nio/fs/WindowsException'{0x00000000861e6ea8}> (0x00000000861e6ea8) 
thrown [s\src\hotspot\share\prims\jni.cpp, line 537]
Event: 23.790 Thread 0x000001bfc36d10b0 Exception <a 'sun/nio/fs/WindowsException'{0x00000000861fa1d0}> (0x00000000861fa1d0) 
thrown [s\src\hotspot\share\prims\jni.cpp, line 537]
Event: 23.791 Thread 0x000001bfc36d10b0 Exception <a 'sun/nio/fs/WindowsException'{0x000000008600af88}> (0x000000008600af88) 
thrown [s\src\hotspot\share\prims\jni.cpp, line 537]
Event: 23.792 Thread 0x000001bfc36d10b0 Exception <a 'sun/nio/fs/WindowsException'{0x000000008601f0b0}> (0x000000008601f0b0) 
thrown [s\src\hotspot\share\prims\jni.cpp, line 537]
Event: 23.793 Thread 0x000001bfc36d10b0 Exception <a 'sun/nio/fs/WindowsException'{0x0000000086030290}> (0x0000000086030290) 
thrown [s\src\hotspot\share\prims\jni.cpp, line 537]
Event: 23.795 Thread 0x000001bfc36d10b0 Exception <a 'sun/nio/fs/WindowsException'{0x00000000860401e8}> (0x00000000860401e8) 
thrown [s\src\hotspot\share\prims\jni.cpp, line 537]
Event: 23.796 Thread 0x000001bfc36d10b0 Exception <a 'sun/nio/fs/WindowsException'{0x000000008604f270}> (0x000000008604f270) 
thrown [s\src\hotspot\share\prims\jni.cpp, line 537]
Event: 23.797 Thread 0x000001bfc36d10b0 Exception <a 'sun/nio/fs/WindowsException'{0x000000008605f0c8}> (0x000000008605f0c8) 
thrown [s\src\hotspot\share\prims\jni.cpp, line 537]
Event: 23.797 Thread 0x000001bfc36d10b0 Exception <a 'sun/nio/fs/WindowsException'{0x00000000860701c0}> (0x00000000860701c0) 
thrown [s\src\hotspot\share\prims\jni.cpp, line 537]
Event: 23.799 Thread 0x000001bfc36d10b0 Exception <a 'sun/nio/fs/WindowsException'{0x000000008607fbe8}> (0x000000008607fbe8) 
thrown [s\src\hotspot\share\prims\jni.cpp, line 537]
Event: 23.801 Thread 0x000001bfc36d10b0 Exception <a 'sun/nio/fs/WindowsException'{0x00000000860966c0}> (0x00000000860966c0) 
thrown [s\src\hotspot\share\prims\jni.cpp, line 537]
Event: 24.497 Thread 0x000001bfc18d2900 Exception <a 'sun/nio/fs/WindowsException'{0x00000000860ad160}> (0x00000000860ad160) 
thrown [s\src\hotspot\share\prims\jni.cpp, line 537]
Event: 24.499 Thread 0x000001bfc18d2900 Exception <a 'sun/nio/fs/WindowsException'{0x00000000860b3dc0}> (0x00000000860b3dc0) 
thrown [s\src\hotspot\share\prims\jni.cpp, line 537]
Event: 24.500 Thread 0x000001bfc18d2900 Exception <a 'sun/nio/fs/WindowsException'{0x00000000860b5610}> (0x00000000860b5610) 
thrown [s\src\hotspot\share\prims\jni.cpp, line 537]

ZGC Phase Switch (0 events):
No events

VM Operations (20 events):
Event: 20.246 Executing safepoint VM operation: Cleanup
Event: 20.246 Executing safepoint VM operation: Cleanup done
Event: 21.008 Executing safepoint VM operation: ICBufferFull
Event: 21.008 Executing safepoint VM operation: ICBufferFull done
Event: 21.095 Executing safepoint VM operation: G1CollectForAllocation (G1 Evacuation Pause)
Event: 21.103 Executing safepoint VM operation: G1CollectForAllocation (G1 Evacuation Pause) done
Event: 21.463 Executing safepoint VM operation: G1CollectForAllocation (G1 Evacuation Pause)
Event: 22.446 Executing safepoint VM operation: G1CollectForAllocation (G1 Evacuation Pause) done
Event: 22.482 Executing safepoint VM operation: G1PauseRemark
Event: 22.488 Executing safepoint VM operation: G1PauseRemark done
Event: 22.503 Executing safepoint VM operation: G1PauseCleanup
Event: 22.503 Executing safepoint VM operation: G1PauseCleanup done
Event: 23.052 Executing safepoint VM operation: ICBufferFull
Event: 23.052 Executing safepoint VM operation: ICBufferFull done
Event: 23.436 Executing safepoint VM operation: G1CollectForAllocation (G1 Evacuation Pause)
Event: 23.440 Executing safepoint VM operation: G1CollectForAllocation (G1 Evacuation Pause) done
Event: 24.447 Executing safepoint VM operation: Cleanup
Event: 24.447 Executing safepoint VM operation: Cleanup done
Event: 25.460 Executing safepoint VM operation: Cleanup
Event: 25.460 Executing safepoint VM operation: Cleanup done

Memory protections (0 events):
No events

Nmethod flushes (20 events):
Event: 22.486 Thread 0x000001bfbc125070 flushing  nmethod 0x000001bfa7e64f90
Event: 22.486 Thread 0x000001bfbc125070 flushing  nmethod 0x000001bfa7ec3510
Event: 22.486 Thread 0x000001bfbc125070 flushing  nmethod 0x000001bfa80c7690
Event: 22.486 Thread 0x000001bfbc125070 flushing  nmethod 0x000001bfa80c9390
Event: 22.486 Thread 0x000001bfbc125070 flushing  nmethod 0x000001bfaf161810
Event: 22.486 Thread 0x000001bfbc125070 flushing  nmethod 0x000001bfaf1ba010
Event: 22.486 Thread 0x000001bfbc125070 flushing  nmethod 0x000001bfaf1bb410
Event: 22.486 Thread 0x000001bfbc125070 flushing  nmethod 0x000001bfaf28c490
Event: 22.486 Thread 0x000001bfbc125070 flushing  nmethod 0x000001bfaf333290
Event: 22.486 Thread 0x000001bfbc125070 flushing  nmethod 0x000001bfaf333a10
Event: 22.486 Thread 0x000001bfbc125070 flushing  nmethod 0x000001bfaf334390
Event: 22.486 Thread 0x000001bfbc125070 flushing  nmethod 0x000001bfa763d510
Event: 22.486 Thread 0x000001bfbc125070 flushing  nmethod 0x000001bfa76aca90
Event: 22.486 Thread 0x000001bfbc125070 flushing  nmethod 0x000001bfa76ace10
Event: 22.486 Thread 0x000001bfbc125070 flushing  nmethod 0x000001bfa76adf90
Event: 22.486 Thread 0x000001bfbc125070 flushing  nmethod 0x000001bfa77b7210
Event: 22.486 Thread 0x000001bfbc125070 flushing  nmethod 0x000001bfa784fd10
Event: 22.486 Thread 0x000001bfbc125070 flushing  nmethod 0x000001bfa792ac90
Event: 22.486 Thread 0x000001bfbc125070 flushing  nmethod 0x000001bfa7cb7110
Event: 22.486 Thread 0x000001bfbc125070 flushing  nmethod 0x000001bfa7eca110

Events (20 events):
Event: 9.652 Thread 0x000001bfc36d10b0 Thread added: 0x000001bfc4113500
Event: 9.652 Thread 0x000001bfc36d10b0 Thread added: 0x000001bfc4113b90
Event: 9.778 Thread 0x000001bfbc1f2890 Thread added: 0x000001bfbc6bced0
Event: 10.389 Thread 0x000001bfc36d10b0 Thread added: 0x000001bfc41a3870
Event: 10.510 Thread 0x000001bfc36d10b0 Thread added: 0x000001bfc41a03f0
Event: 10.902 Thread 0x000001bfc36d10b0 Thread added: 0x000001bfc41a1e30
Event: 10.981 Thread 0x000001bfc36d10b0 Thread added: 0x000001bfc41a24c0
Event: 11.303 Thread 0x000001bfbc6bced0 Thread exited: 0x000001bfbc6bced0
Event: 13.141 Thread 0x000001bfc36d10b0 Thread added: 0x000001bfbc840690
Event: 13.143 Thread 0x000001bfc36d10b0 Thread added: 0x000001bfbc843480
Event: 13.219 Thread 0x000001bfc36d10b0 Thread added: 0x000001bfbc840d20
Event: 13.221 Thread 0x000001bfc36d10b0 Thread added: 0x000001bfbc8420d0
Event: 13.876 Thread 0x000001bfc36d10b0 Thread added: 0x000001bfbc844830
Event: 13.877 Thread 0x000001bfc36d10b0 Thread added: 0x000001bfbc842760
Event: 13.879 Thread 0x000001bfc36d10b0 Thread added: 0x000001bfbc843b10
Event: 13.881 Thread 0x000001bfc36d10b0 Thread added: 0x000001bfbc8413b0
Event: 13.893 Thread 0x000001bfc36d10b0 Thread added: 0x000001bfbc841a40
Event: 13.896 Thread 0x000001bfc36d10b0 Thread added: 0x000001bfbc846900
Event: 13.898 Thread 0x000001bfc36d10b0 Thread added: 0x000001bfbc845550
Event: 13.900 Thread 0x000001bfc36d10b0 Thread added: 0x000001bfbc846f90


Dynamic libraries:
0x00007ff6dce80000 - 0x00007ff6dce8a000 	C:\Program Files\Android\Android Studio\jbr\bin\java.exe
0x00007ff962e40000 - 0x00007ff9630a7000 	C:\WINDOWS\SYSTEM32\ntdll.dll
0x00007ff961420000 - 0x00007ff9614e9000 	C:\WINDOWS\System32\KERNEL32.DLL
0x00007ff9604f0000 - 0x00007ff9608e7000 	C:\WINDOWS\System32\KERNELBASE.dll
0x00007ff960110000 - 0x00007ff96025b000 	C:\WINDOWS\System32\ucrtbase.dll
0x00007ff959c70000 - 0x00007ff959c8b000 	C:\Program Files\Android\Android Studio\jbr\bin\VCRUNTIME140.dll
0x00007ff951370000 - 0x00007ff951388000 	C:\Program Files\Android\Android Studio\jbr\bin\jli.dll
0x00007ff962c00000 - 0x00007ff962dc6000 	C:\WINDOWS\System32\USER32.dll
0x00007ff95f870000 - 0x00007ff95f897000 	C:\WINDOWS\System32\win32u.dll
0x00007ff950df0000 - 0x00007ff951082000 	C:\WINDOWS\WinSxS\amd64_microsoft.windows.common-controls_6595b64144ccf1df_6.0.26100.8457_none_3e0b2faee331e92d\COMCTL32.dll
0x00007ff962dd0000 - 0x00007ff962dfb000 	C:\WINDOWS\System32\GDI32.dll
0x00007ff961640000 - 0x00007ff9616e9000 	C:\WINDOWS\System32\msvcrt.dll
0x00007ff960310000 - 0x00007ff96043c000 	C:\WINDOWS\System32\gdi32full.dll
0x00007ff960440000 - 0x00007ff9604e3000 	C:\WINDOWS\System32\msvcp_win.dll
0x00007ff962b30000 - 0x00007ff962b62000 	C:\WINDOWS\System32\IMM32.DLL
0x00007ff959c60000 - 0x00007ff959c6c000 	C:\Program Files\Android\Android Studio\jbr\bin\vcruntime140_1.dll
0x00007ff93dba0000 - 0x00007ff93dc2d000 	C:\Program Files\Android\Android Studio\jbr\bin\msvcp140.dll
0x00007ff8fdd20000 - 0x00007ff8fe9b6000 	C:\Program Files\Android\Android Studio\jbr\bin\server\jvm.dll
0x00007ff962040000 - 0x00007ff9620f6000 	C:\WINDOWS\System32\ADVAPI32.dll
0x00007ff962790000 - 0x00007ff962837000 	C:\WINDOWS\System32\sechost.dll
0x00007ff9616f0000 - 0x00007ff961808000 	C:\WINDOWS\System32\RPCRT4.dll
0x00007ff962b70000 - 0x00007ff962bf0000 	C:\WINDOWS\System32\WS2_32.dll
0x00007ff95f6f0000 - 0x00007ff95f74e000 	C:\WINDOWS\SYSTEM32\POWRPROF.dll
0x00007ff957490000 - 0x00007ff9574c6000 	C:\WINDOWS\SYSTEM32\WINMM.dll
0x00007ff958400000 - 0x00007ff95840b000 	C:\WINDOWS\SYSTEM32\VERSION.dll
0x00007ff95f6d0000 - 0x00007ff95f6e4000 	C:\WINDOWS\SYSTEM32\UMPDC.dll
0x00007ff95dcd0000 - 0x00007ff95dceb000 	C:\WINDOWS\SYSTEM32\kernel.appcore.dll
0x00007ff9590e0000 - 0x00007ff9590ea000 	C:\Program Files\Android\Android Studio\jbr\bin\jimage.dll
0x00007ff95f040000 - 0x00007ff95f282000 	C:\WINDOWS\SYSTEM32\DBGHELP.DLL
0x00007ff9622e0000 - 0x00007ff962663000 	C:\WINDOWS\System32\combase.dll
0x00007ff961560000 - 0x00007ff961639000 	C:\WINDOWS\System32\OLEAUT32.dll
0x00007ff95ef10000 - 0x00007ff95ef4b000 	C:\WINDOWS\SYSTEM32\dbgcore.DLL
0x00007ff960260000 - 0x00007ff960308000 	C:\WINDOWS\System32\bcryptPrimitives.dll
0x00007ff951560000 - 0x00007ff95156e000 	C:\Program Files\Android\Android Studio\jbr\bin\instrument.dll
0x00007ff951500000 - 0x00007ff951520000 	C:\Program Files\Android\Android Studio\jbr\bin\java.dll
0x00007ff953250000 - 0x00007ff953268000 	C:\Program Files\Android\Android Studio\jbr\bin\zip.dll
0x00007ff961870000 - 0x00007ff961fde000 	C:\WINDOWS\System32\SHELL32.dll
0x00007ff95f8a0000 - 0x00007ff96010c000 	C:\WINDOWS\System32\windows.storage.dll
0x00007ff9610d0000 - 0x00007ff9611c6000 	C:\WINDOWS\System32\SHCORE.dll
0x00007ff9614f0000 - 0x00007ff961556000 	C:\WINDOWS\System32\shlwapi.dll
0x00007ff95f790000 - 0x00007ff95f7b9000 	C:\WINDOWS\SYSTEM32\profapi.dll
0x00007ff9590d0000 - 0x00007ff9590e0000 	C:\Program Files\Android\Android Studio\jbr\bin\net.dll
0x00007ff9582c0000 - 0x00007ff9583e9000 	C:\WINDOWS\SYSTEM32\WINHTTP.dll
0x00007ff95e200000 - 0x00007ff95e26c000 	C:\WINDOWS\system32\mswsock.dll
0x00007ff9514c0000 - 0x00007ff9514d6000 	C:\Program Files\Android\Android Studio\jbr\bin\nio.dll
0x00007ff9515f0000 - 0x00007ff951600000 	C:\Program Files\Android\Android Studio\jbr\bin\verify.dll
0x00007ff951490000 - 0x00007ff9514b7000 	C:\Users\wasin\.gradle\native\660c5614fbf4a5f2a75b1949f50a0caf5cd603558e7d8a26e50b933a0cfb79d1\windows-amd64\native-platform.dll
0x00007ff93b090000 - 0x00007ff93b107000 	C:\Users\wasin\.gradle\native\0.2.8\x86_64-windows-gnu\gradle-fileevents.dll
0x00007ff953210000 - 0x00007ff953219000 	C:\Program Files\Android\Android Studio\jbr\bin\management.dll
0x00007ff952650000 - 0x00007ff95265b000 	C:\Program Files\Android\Android Studio\jbr\bin\management_ext.dll
0x00007ff962130000 - 0x00007ff962138000 	C:\WINDOWS\System32\PSAPI.DLL
0x00007ff95d720000 - 0x00007ff95d752000 	C:\WINDOWS\SYSTEM32\IPHLPAPI.DLL
0x00007ff962670000 - 0x00007ff96267a000 	C:\WINDOWS\System32\NSI.dll
0x00007ff959070000 - 0x00007ff959079000 	C:\Program Files\Android\Android Studio\jbr\bin\extnet.dll
0x00007ff95f390000 - 0x00007ff95f3ab000 	C:\WINDOWS\SYSTEM32\CRYPTSP.dll
0x00007ff95e370000 - 0x00007ff95e3a9000 	C:\WINDOWS\system32\rsaenh.dll
0x00007ff95e270000 - 0x00007ff95e2a3000 	C:\WINDOWS\SYSTEM32\USERENV.dll
0x00007ff95f760000 - 0x00007ff95f78a000 	C:\WINDOWS\SYSTEM32\bcrypt.dll
0x00007ff95e520000 - 0x00007ff95e52c000 	C:\WINDOWS\SYSTEM32\CRYPTBASE.dll
0x00007ff9321f0000 - 0x00007ff9321f8000 	C:\WINDOWS\system32\wshunix.dll

JVMTI agents:
C:\Users\wasin\.gradle\wrapper\dists\gradle-9.4.1-bin\arn2x92ynaizyzdaamcbpbhtj\gradle-9.4.1\lib\agents\gradle-instrumentation-agent-9.4.1.jar path:C:\Program Files\Android\Android Studio\jbr\bin\instrument.dll, loaded, initialized, instrumentlib options:none

dbghelp: loaded successfully - version: 4.0.5 - missing functions: none
symbol engine: initialized successfully - sym options: 0x614 - pdb path: .;C:\Program Files\Android\Android Studio\jbr\bin;C:\WINDOWS\SYSTEM32;C:\WINDOWS\WinSxS\amd64_microsoft.windows.common-controls_6595b64144ccf1df_6.0.26100.8457_none_3e0b2faee331e92d;C:\Program Files\Android\Android Studio\jbr\bin\server;C:\Users\wasin\.gradle\native\660c5614fbf4a5f2a75b1949f50a0caf5cd603558e7d8a26e50b933a0cfb79d1\windows-amd64;C:\Users\wasin\.gradle\native\0.2.8\x86_64-windows-gnu

VM Arguments:
jvm_args: --add-opens=java.base/java.lang=ALL-UNNAMED --add-opens=java.base/java.lang.invoke=ALL-UNNAMED --add-opens=java.base/java.util=ALL-UNNAMED --add-opens=java.prefs/java.util.prefs=ALL-UNNAMED --add-exports=jdk.compiler/com.sun.tools.javac.api=ALL-UNNAMED --add-exports=jdk.compiler/com.sun.tools.javac.util=ALL-UNNAMED --add-opens=java.base/java.util=ALL-UNNAMED --add-opens=java.prefs/java.util.prefs=ALL-UNNAMED --add-opens=java.base/java.nio.charset=ALL-UNNAMED --add-opens=java.base/java.net=ALL-UNNAMED --add-opens=java.base/java.util.concurrent=ALL-UNNAMED --add-opens=java.base/java.util.concurrent.atomic=ALL-UNNAMED --add-opens=java.xml/javax.xml.namespace=ALL-UNNAMED --add-opens=java.base/java.time=ALL-UNNAMED -Xmx2048m -Dfile.encoding=UTF-8 -Duser.country=US -Duser.language=en -Duser.variant -javaagent:C:\Users\wasin\.gradle\wrapper\dists\gradle-9.4.1-bin\arn2x92ynaizyzdaamcbpbhtj\gradle-9.4.1\lib\agents\gradle-instrumentation-agent-9.4.1.jar 
java_command: org.gradle.launcher.daemon.bootstrap.GradleDaemon 9.4.1
java_class_path (initial): C:\Users\wasin\.gradle\wrapper\dists\gradle-9.4.1-bin\arn2x92ynaizyzdaamcbpbhtj\gradle-9.4.1\lib\gradle-daemon-main-9.4.1.jar
Launcher Type: SUN_STANDARD

[Global flags]
     intx CICompilerCount                          = 4                                         {product} {ergonomic}
     uint ConcGCThreads                            = 3                                         {product} {ergonomic}
     uint G1ConcRefinementThreads                  = 10                                        {product} {ergonomic}
   size_t G1HeapRegionSize                         = 1048576                                   {product} {ergonomic}
    uintx GCDrainStackTargetSize                   = 64                                        {product} {ergonomic}
   size_t InitialHeapSize                          = 165675008                                 {product} {ergonomic}
   size_t MarkStackSize                            = 4194304                                   {product} {ergonomic}
   size_t MaxHeapSize                              = 2147483648                                {product} {command line}
   size_t MaxNewSize                               = 1287651328                                {product} {ergonomic}
   size_t MinHeapDeltaBytes                        = 1048576                                   {product} {ergonomic}
   size_t MinHeapSize                              = 8388608                                   {product} {ergonomic}
    uintx NonNMethodCodeHeapSize                   = 5839372                                {pd product} {ergonomic}
    uintx NonProfiledCodeHeapSize                  = 122909434                              {pd product} {ergonomic}
    uintx ProfiledCodeHeapSize                     = 122909434                              {pd product} {ergonomic}
    uintx ReservedCodeCacheSize                    = 251658240                              {pd product} {ergonomic}
     bool SegmentedCodeCache                       = true                                      {product} {ergonomic}
   size_t SoftMaxHeapSize                          = 2147483648                             {manageable} {ergonomic}
     bool UseCompressedOops                        = true                           {product lp64_product} {ergonomic}
     bool UseG1GC                                  = true                                      {product} {ergonomic}
     bool UseLargePagesIndividualAllocation        = false                                  {pd product} {ergonomic}

Logging:
Log output configuration:
 #0: stdout all=warning uptime,level,tags foldmultilines=false
 #1: stderr all=off uptime,level,tags foldmultilines=false

Release file:
JAVA_VERSION="21.0.10" 
MODULES="java.base java.compiler java.datatransfer java.xml java.prefs java.desktop java.instrument java.logging java.management java.security.sasl java.naming java.rmi java.management.rmi java.net.http java.scripting java.security.jgss java.transaction.xa java.sql java.sql.rowset java.xml.crypto java.se java.smartcardio jdk.accessibility jdk.internal.jvmstat jdk.attach jdk.charsets jdk.internal.opt jdk.zipfs jdk.compiler jdk.crypto.ec jdk.crypto.cryptoki jdk.dynalink jdk.hotspot.agent jdk.httpserver jdk.internal.ed jdk.internal.le jdk.internal.vm.ci jdk.jartool jdk.javadoc jdk.jcmd jdk.jdeps jdk.jdwp.agent jdk.jdi jdk.jfr jdk.jlink jdk.jsobject jdk.localedata jdk.management jdk.management.agent jdk.management.jfr jdk.naming.dns jdk.naming.rmi jdk.net jdk.sctp jdk.security.auth jdk.security.jgss jdk.unsupported jdk.unsupported.desktop jdk.xml.dom" 
IMPLEMENTOR="JetBrains s.r.o." 
JAVA_RUNTIME_VERSION="21.0.10+-14961533-b1163.108" 
LIBC="default" 
OS_ARCH="x86_64" 
OS_NAME="Windows" 
SOURCE=".:git:1351622c2ff2" 

Environment Variables:
PATH=C:\Program Files (x86)\Common Files\Oracle\Java\javapath;C:\WINDOWS\system32;C:\WINDOWS;C:\WINDOWS\System32\Wbem;C:\WINDOWS\System32\WindowsPowerShell\v1.0\;C:\WINDOWS\System32\OpenSSH\;C:\Users\wasin\AppData\Local\Microsoft\WindowsApps;
USERNAME=wasin
OS=Windows_NT
PROCESSOR_IDENTIFIER=AMD64 Family 23 Model 104 Stepping 1, AuthenticAMD
TMP=C:\Users\wasin\AppData\Local\Temp
TEMP=C:\Users\wasin\AppData\Local\Temp




Periodic native trim disabled

JNI global refs:
JNI global refs: 28, weak refs: 0

JNI global refs memory usage: 835, weak refs: 833

Process memory usage:
Resident Set Size: 271072K (2% of 10344184K total physical memory with 379172K free physical memory)

OOME stack traces (most recent first):
Classloader memory used:
Loader org.gradle.internal.classloader.VisitableURLClassLoader                         : 37898K
Loader bootstrap                                                                       : 22735K
Loader org.gradle.initialization.MixInLegacyTypesClassLoader                           : 11199K
Loader org.gradle.internal.classloader.VisitableURLClassLoader$InstrumentingVisitableURLClassLoader: 1821K
Loader org.gradle.internal.classloader.VisitableURLClassLoader                         : 1078K
Loader jdk.internal.reflect.DelegatingClassLoader                                      : 300K
Loader jdk.internal.loader.ClassLoaders$AppClassLoader                                 : 189K
Loader jdk.internal.loader.ClassLoaders$PlatformClassLoader                            : 130K
Loader org.gradle.groovy.scripts.internal.DefaultScriptCompilationHandler$ScriptClassLoader: 91560B

Classes loaded by more than one classloader:
Class Program                                                                         : loaded 4 times (x 74B)
Class org.gradle.internal.Cast                                                        : loaded 3 times (x 71B)
Class org.gradle.api.GradleException                                                  : loaded 3 times (x 82B)
Class org.gradle.api.Action                                                           : loaded 3 times (x 70B)
Class org.gradle.internal.IoActions                                                   : loaded 3 times (x 71B)
Class org.gradle.internal.classloader.DefaultClassLoaderFactory                       : loaded 2 times (x 82B)
Class kotlin.collections.AbstractList$Companion                                       : loaded 2 times (x 71B)
Class org.gradle.tooling.internal.gradle.DefaultProjectIdentifier                     : loaded 2 times (x 86B)
Class org.gradle.api.internal.DefaultClassPathProvider                                : loaded 2 times (x 76B)
Class [Lorg.gradle.api.internal.ClassPathProvider;                                    : loaded 2 times (x 69B)
Class org.gradle.api.internal.ClassPathProvider                                       : loaded 2 times (x 70B)
Class org.gradle.internal.service.UnknownServiceException                             : loaded 2 times (x 83B)
Class org.gradle.internal.classpath.TransformedClassPath                              : loaded 2 times (x 96B)
Class org.gradle.internal.classloader.InstrumentingClassLoader                        : loaded 2 times (x 70B)
Class com.google.common.collect.Iterators$ArrayItr                                    : loaded 2 times (x 97B)
Class kotlin.enums.EnumEntriesList                                                    : loaded 2 times (x 223B)
Class com.google.common.collect.UnmodifiableIterator                                  : loaded 2 times (x 80B)
Class org.gradle.internal.service.ServiceLocator                                      : loaded 2 times (x 70B)
Class com.intellij.gradle.toolingExtension.util.GradleVersionUtil                     : loaded 2 times (x 71B)
Class com.google.common.collect.Iterators$SingletonIterator                           : loaded 2 times (x 81B)
Class org.gradle.tooling.model.UnsupportedMethodException                             : loaded 2 times (x 82B)
Class com.google.common.collect.Iterators                                             : loaded 2 times (x 71B)
Class org.gradle.kotlin.dsl.VersionCatalogAccessorsKt                                 : loaded 2 times (x 71B)
Class com.google.common.collect.Lists$StringAsImmutableList                           : loaded 2 times (x 207B)
Class org.gradle.internal.time.DefaultTimer                                           : loaded 2 times (x 80B)
Class org.gradle.api.internal.classpath.DefaultModuleRegistry$DefaultModule           : loaded 2 times (x 82B)
Class com.google.common.collect.AbstractIterator                                      : loaded 2 times (x 82B)
Class com.google.common.collect.AbstractIndexedListIterator                           : loaded 2 times (x 96B)
Class ijInit1_cdqyg2qq9bumx252p5b7z2c0a$_run_closure1                                 : loaded 2 times (x 140B)
Class org.gradle.internal.time.DefaultCountdownTimer                                  : loaded 2 times (x 88B)
Class org.gradle.tooling.internal.gradle.DefaultBuildIdentifier                       : loaded 2 times (x 79B)
Class org.gradle.api.internal.classpath.Module                                        : loaded 2 times (x 70B)
Class org.gradle.api.internal.classpath.UnknownModuleException                        : loaded 2 times (x 82B)
Class org.gradle.tooling.internal.gradle.GradleProjectIdentity                        : loaded 2 times (x 70B)
Class org.gradle.api.internal.DefaultClassPathRegistry                                : loaded 2 times (x 76B)
Class org.gradle.internal.classpath.DefaultClassPath$ImmutableUniqueList              : loaded 2 times (x 199B)
Class org.gradle.api.internal.ClassPathRegistry                                       : loaded 2 times (x 70B)
Class org.gradle.internal.operations.MultipleBuildOperationFailures                   : loaded 2 times (x 95B)
Class Settings_gradle$1                                                               : loaded 2 times (x 74B)
Class org.gradle.internal.classpath.ClassPath                                         : loaded 2 times (x 70B)
Class org.gradle.api.internal.classpath.DefaultModuleRegistry$DefaultModuleAlias      : loaded 2 times (x 80B)
Class com.google.common.collect.UnmodifiableListIterator                              : loaded 2 times (x 95B)
Class org.gradle.tooling.model.Model                                                  : loaded 2 times (x 70B)
Class kotlin.UninitializedPropertyAccessException                                     : loaded 2 times (x 82B)
Class com.google.common.collect.Iterators$4                                           : loaded 2 times (x 82B)
Class org.gradle.api.internal.classpath.ModuleRegistry                                : loaded 2 times (x 70B)
Class org.gradle.internal.installation.GradleInstallation$1                           : loaded 2 times (x 75B)
Class com.google.common.collect.Iterators$5                                           : loaded 2 times (x 82B)
Class com.google.common.collect.ImmutableCollection                                   : loaded 2 times (x 125B)
Class org.gradle.api.internal.classpath.DefaultModuleRegistry                         : loaded 2 times (x 84B)
Class com.google.common.collect.Lists                                                 : loaded 2 times (x 71B)
Class com.google.common.collect.Iterators$9                                           : loaded 2 times (x 81B)
Class org.gradle.internal.time.MonotonicClock                                         : loaded 2 times (x 77B)
Class org.gradle.internal.service.ServiceLookupException                              : loaded 2 times (x 82B)
Class org.gradle.internal.classloader.ClassLoaderFactory                              : loaded 2 times (x 70B)
Class org.gradle.internal.service.CachingServiceLocator                               : loaded 2 times (x 82B)
Class org.gradle.internal.time.TimeSource                                             : loaded 2 times (x 70B)
Class org.gradle.tooling.internal.gradle.GradleBuildIdentity                          : loaded 2 times (x 70B)
Class kotlin.enums.EnumEntries                                                        : loaded 2 times (x 70B)
Class org.gradle.internal.exceptions.ResolutionProvider                               : loaded 2 times (x 70B)
Class org.gradle.tooling.model.ProjectIdentifier                                      : loaded 2 times (x 70B)
Class org.gradle.internal.classloader.ClasspathUtil                                   : loaded 2 times (x 71B)
Class org.gradle.internal.time.TimeSource$1                                           : loaded 2 times (x 77B)
Class kotlin.jvm.internal.DefaultConstructorMarker                                    : loaded 2 times (x 71B)
Class org.gradle.api.specs.Spec                                                       : loaded 2 times (x 70B)
Class com.intellij.gradle.toolingExtension.impl.model.utilDummyModel.DummyModel       : loaded 2 times (x 70B)
Class org.gradle.internal.time.Clock                                                  : loaded 2 times (x 70B)
Class sync_studio_tooling7_3qp5hpw6rdofm6bhf7t3fflfw                                  : loaded 2 times (x 171B)
Class kotlin.collections.AbstractList                                                 : loaded 2 times (x 197B)
Class kotlin.collections.AbstractCollection                                           : loaded 2 times (x 117B)
Class org.gradle.internal.classloader.VisitableURLClassLoader$InstrumentingVisitableURLClassLoader: loaded 2 times (x 123B)
Class org.gradle.internal.classloader.VisitableURLClassLoader$Spec                    : loaded 2 times (x 74B)
Class org.gradle.internal.classpath.DefaultClassPath                                  : loaded 2 times (x 90B)
Class org.gradle.util.internal.DefaultGradleVersion                                   : loaded 2 times (x 82B)
Class org.gradle.internal.classloader.ClassLoaderSpec                                 : loaded 2 times (x 71B)
Class Settings_gradle$1$1                                                             : loaded 2 times (x 74B)
Class org.gradle.api.internal.classpath.Module$ModuleAlias                            : loaded 2 times (x 70B)
Class org.gradle.internal.classloader.VisitableURLClassLoader                         : loaded 2 times (x 117B)
Class Settings_gradle                                                                 : loaded 2 times (x 124B)
Class org.gradle.internal.classloader.ClassLoaderHierarchy                            : loaded 2 times (x 70B)
Class org.gradle.internal.classloader.FilteringClassLoader                            : loaded 2 times (x 105B)
Class org.gradle.internal.classpath.DefaultClassPath$ImmutableUniqueList$Builder      : loaded 2 times (x 75B)
Class com.google.common.collect.Iterators$1                                           : loaded 2 times (x 81B)
Class org.gradle.internal.exceptions.NonGradleCauseExceptionsHolder                   : loaded 2 times (x 70B)
Class kotlin.NotImplementedError                                                      : loaded 2 times (x 82B)
Class kotlin.enums.EnumEntriesKt                                                      : loaded 2 times (x 71B)
Class org.gradle.internal.exceptions.MultiCauseException                              : loaded 2 times (x 70B)
Class org.gradle.internal.time.CountdownTimer                                         : loaded 2 times (x 70B)
Class kotlin.jvm.internal.Intrinsics                                                  : loaded 2 times (x 71B)
Class org.gradle.tooling.model.ProjectModel                                           : loaded 2 times (x 70B)
Class ijInit1_cdqyg2qq9bumx252p5b7z2c0a                                               : loaded 2 times (x 171B)
Class kotlin.KotlinNullPointerException                                               : loaded 2 times (x 83B)
Class org.gradle.internal.exceptions.DefaultMultiCauseException                       : loaded 2 times (x 95B)
Class com.google.common.base.Preconditions                                            : loaded 2 times (x 71B)
Class com.google.common.collect.PeekingIterator                                       : loaded 2 times (x 70B)
Class org.gradle.internal.time.Time                                                   : loaded 2 times (x 71B)
Class org.gradle.tooling.model.BuildIdentifier                                        : loaded 2 times (x 70B)
Class kotlin.NoWhenBranchMatchedException                                             : loaded 2 times (x 82B)
Class Build_gradle                                                                    : loaded 2 times (x 72B)
Class org.gradle.internal.time.Timer                                                  : loaded 2 times (x 70B)
Class kotlin.jvm.internal.markers.KMappedMarker                                       : loaded 2 times (x 70B)
Class org.gradle.internal.installation.CurrentGradleInstallationLocator               : loaded 2 times (x 71B)
Class com.google.common.collect.ImmutableList                                         : loaded 2 times (x 206B)
Class org.gradle.internal.service.DefaultServiceLocator                               : loaded 2 times (x 83B)
Class org.gradle.util.GradleVersion                                                   : loaded 2 times (x 81B)
Class org.gradle.internal.installation.CurrentGradleInstallation                      : loaded 2 times (x 73B)
Class sync_studio_tooling7_3qp5hpw6rdofm6bhf7t3fflfw$_run_closure1                    : loaded 2 times (x 139B)
Class org.gradle.util.internal.GUtil                                                  : loaded 2 times (x 71B)
Class com.google.common.collect.Iterators$MergingIterator                             : loaded 2 times (x 81B)
Class org.gradle.internal.installation.GradleInstallation                             : loaded 2 times (x 75B)

---------------  S Y S T E M  ---------------

OS:
 Windows 11 , 64 bit Build 26100 (10.0.26100.8328)
OS uptime: 9 days 5:32 hours

CPU: total 12 (initial active 12) (12 cores per cpu, 2 threads per core) family 23 model 104 stepping 1 microcode 0x8608103, cx8, cmov, fxsr, ht, mmx, 3dnowpref, sse, sse2, sse3, ssse3, sse4a, sse4.1, sse4.2, popcnt, lzcnt, tsc, tscinvbit, avx, avx2, aes, clmul, bmi1, bmi2, adx, sha, fma, vzeroupper, clflush, clflushopt, rdtscp, rdpid, f16c
Processor Information for processor 0
  Max Mhz: 2100, Current Mhz: 2100, Mhz Limit: 2100
Processor Information for processor 1
  Max Mhz: 2100, Current Mhz: 2100, Mhz Limit: 2100
Processor Information for processor 2
  Max Mhz: 2100, Current Mhz: 1988, Mhz Limit: 2100
Processor Information for processor 3
  Max Mhz: 2100, Current Mhz: 1988, Mhz Limit: 2100
Processor Information for processor 4
  Max Mhz: 2100, Current Mhz: 2100, Mhz Limit: 2100
Processor Information for processor 5
  Max Mhz: 2100, Current Mhz: 1988, Mhz Limit: 2100
Processor Information for processor 6
  Max Mhz: 2100, Current Mhz: 1988, Mhz Limit: 2100
Processor Information for processor 7
  Max Mhz: 2100, Current Mhz: 1988, Mhz Limit: 2100
Processor Information for processor 8
  Max Mhz: 2100, Current Mhz: 1988, Mhz Limit: 2100
Processor Information for processor 9
  Max Mhz: 2100, Current Mhz: 1988, Mhz Limit: 2100
Processor Information for processor 10
  Max Mhz: 2100, Current Mhz: 1988, Mhz Limit: 2100
Processor Information for processor 11
  Max Mhz: 2100, Current Mhz: 1988, Mhz Limit: 2100

Memory: 4k page, system-wide physical 10101M (360M free)
TotalPageFile size 22699M (AvailPageFile size 5M)
current process WorkingSet (physical memory assigned to process): 267M, peak: 291M
current process commit charge ("private bytes"): 375M, peak: 380M

vm_info: OpenJDK 64-Bit Server VM (21.0.10+-14961533-b1163.108) for windows-amd64 JRE (21.0.10+-14961533-b1163.108), built on 2026-03-02T19:58:50Z by "builder" with MS VC++ 16.10 / 16.11 (VS2019)

END.
